{"/Users/kiliankaslin/Documents/morphysm/famed-airdrop-prototype/zkp-merkle-airdrop-lib/src/Library.ts": {"path":"/Users/kiliankaslin/Documents/morphysm/famed-airdrop-prototype/zkp-merkle-airdrop-lib/src/Library.ts","statementMap":{"0":{"start":{"line":4,"column":16},"end":{"line":4,"column":34}},"1":{"start":{"line":5,"column":20},"end":{"line":5,"column":42}},"2":{"start":{"line":6,"column":11},"end":{"line":6,"column":45}},"3":{"start":{"line":11,"column":22},"end":{"line":17,"column":1}},"4":{"start":{"line":12,"column":2},"end":{"line":14,"column":null}},"5":{"start":{"line":13,"column":4},"end":{"line":13,"column":61}},"6":{"start":{"line":16,"column":2},"end":{"line":16,"column":28}},"7":{"start":{"line":20,"column":20},"end":{"line":26,"column":1}},"8":{"start":{"line":21,"column":2},"end":{"line":23,"column":null}},"9":{"start":{"line":22,"column":4},"end":{"line":22,"column":61}},"10":{"start":{"line":25,"column":2},"end":{"line":25,"column":26}},"11":{"start":{"line":29,"column":19},"end":{"line":35,"column":1}},"12":{"start":{"line":30,"column":2},"end":{"line":32,"column":null}},"13":{"start":{"line":31,"column":4},"end":{"line":31,"column":55}},"14":{"start":{"line":34,"column":2},"end":{"line":34,"column":25}},"15":{"start":{"line":46,"column":17},"end":{"line":51,"column":null}},"16":{"start":{"line":54,"column":2},"end":{"line":54,"column":22}},"17":{"start":{"line":56,"column":28},"end":{"line":56,"column":55}},"18":{"start":{"line":57,"column":24},"end":{"line":57,"column":75}},"19":{"start":{"line":59,"column":35},"end":{"line":61,"column":null}},"20":{"start":{"line":64,"column":25},"end":{"line":64,"column":50}},"21":{"start":{"line":65,"column":23},"end":{"line":65,"column":56}},"22":{"start":{"line":66,"column":33},"end":{"line":68,"column":null}},"23":{"start":{"line":70,"column":27},"end":{"line":70,"column":55}},"24":{"start":{"line":71,"column":2},"end":{"line":71,"column":26}},"25":{"start":{"line":37,"column":0},"end":{"line":37,"column":7}},"26":{"start":{"line":75,"column":21},"end":{"line":75,"column":42}},"27":{"start":{"line":76,"column":15},"end":{"line":76,"column":43}},"28":{"start":{"line":77,"column":2},"end":{"line":77,"column":56}},"29":{"start":{"line":74,"column":0},"end":{"line":74,"column":7}},"30":{"start":{"line":81,"column":2},"end":{"line":81,"column":66}},"31":{"start":{"line":80,"column":0},"end":{"line":80,"column":7}},"32":{"start":{"line":88,"column":26},"end":{"line":88,"column":58}},"33":{"start":{"line":89,"column":23},"end":{"line":89,"column":52}},"34":{"start":{"line":91,"column":28},"end":{"line":91,"column":74}},"35":{"start":{"line":92,"column":2},"end":{"line":92,"column":51}},"36":{"start":{"line":84,"column":0},"end":{"line":84,"column":7}},"37":{"start":{"line":99,"column":28},"end":{"line":99,"column":64}},"38":{"start":{"line":100,"column":25},"end":{"line":100,"column":56}},"39":{"start":{"line":102,"column":22},"end":{"line":102,"column":72}},"40":{"start":{"line":103,"column":2},"end":{"line":103,"column":45}},"41":{"start":{"line":95,"column":0},"end":{"line":95,"column":7}},"42":{"start":{"line":107,"column":22},"end":{"line":107,"column":41}},"43":{"start":{"line":108,"column":2},"end":{"line":108,"column":46}},"44":{"start":{"line":106,"column":0},"end":{"line":106,"column":16}},"45":{"start":{"line":129,"column":24},"end":{"line":129,"column":72}},"46":{"start":{"line":130,"column":21},"end":{"line":130,"column":69}},"47":{"start":{"line":131,"column":13},"end":{"line":131,"column":48}},"48":{"start":{"line":132,"column":24},"end":{"line":132,"column":53}},"49":{"start":{"line":134,"column":19},"end":{"line":143,"column":4}},"50":{"start":{"line":144,"column":2},"end":{"line":144,"column":18}},"51":{"start":{"line":148,"column":19},"end":{"line":148,"column":38}},"52":{"start":{"line":149,"column":16},"end":{"line":149,"column":35}},"53":{"start":{"line":150,"column":18},"end":{"line":150,"column":36}},"54":{"start":{"line":152,"column":15},"end":{"line":152,"column":44}},"55":{"start":{"line":153,"column":2},"end":{"line":153,"column":53}},"56":{"start":{"line":158,"column":2},"end":{"line":173,"column":null}},"57":{"start":{"line":159,"column":4},"end":{"line":159,"column":21}},"58":{"start":{"line":160,"column":9},"end":{"line":173,"column":null}},"59":{"start":{"line":161,"column":4},"end":{"line":161,"column":21}},"60":{"start":{"line":162,"column":9},"end":{"line":173,"column":null}},"61":{"start":{"line":163,"column":4},"end":{"line":163,"column":37}},"62":{"start":{"line":164,"column":9},"end":{"line":173,"column":null}},"63":{"start":{"line":165,"column":40},"end":{"line":165,"column":42}},"64":{"start":{"line":166,"column":17},"end":{"line":166,"column":31}},"65":{"start":{"line":167,"column":4},"end":{"line":169,"column":7}},"66":{"start":{"line":168,"column":6},"end":{"line":168,"column":40}},"67":{"start":{"line":170,"column":4},"end":{"line":170,"column":15}},"68":{"start":{"line":172,"column":4},"end":{"line":172,"column":13}},"69":{"start":{"line":177,"column":14},"end":{"line":177,"column":29}},"70":{"start":{"line":178,"column":17},"end":{"line":180,"column":null}},"71":{"start":{"line":182,"column":2},"end":{"line":182,"column":19}},"72":{"start":{"line":183,"column":2},"end":{"line":183,"column":16}},"73":{"start":{"line":187,"column":19},"end":{"line":187,"column":36}},"74":{"start":{"line":188,"column":2},"end":{"line":188,"column":21}},"75":{"start":{"line":189,"column":14},"end":{"line":189,"column":38}},"76":{"start":{"line":190,"column":2},"end":{"line":192,"column":null}},"77":{"start":{"line":191,"column":4},"end":{"line":191,"column":21}},"78":{"start":{"line":193,"column":2},"end":{"line":193,"column":28}}},"fnMap":{"0":{"name":"(anonymous_0)","decl":{"start":{"line":11,"column":22},"end":{"line":11,"column":27}},"loc":{"start":{"line":11,"column":47},"end":{"line":17,"column":1}}},"1":{"name":"(anonymous_1)","decl":{"start":{"line":20,"column":20},"end":{"line":20,"column":25}},"loc":{"start":{"line":20,"column":45},"end":{"line":26,"column":1}}},"2":{"name":"(anonymous_2)","decl":{"start":{"line":29,"column":19},"end":{"line":29,"column":24}},"loc":{"start":{"line":29,"column":44},"end":{"line":35,"column":1}}},"3":{"name":"generateProofCallData","decl":{"start":{"line":37,"column":22},"end":{"line":37,"column":43}},"loc":{"start":{"line":44,"column":20},"end":{"line":72,"column":1}}},"4":{"name":"mimcSponge","decl":{"start":{"line":74,"column":22},"end":{"line":74,"column":32}},"loc":{"start":{"line":74,"column":53},"end":{"line":78,"column":1}}},"5":{"name":"pedersenHash","decl":{"start":{"line":80,"column":22},"end":{"line":80,"column":34}},"loc":{"start":{"line":80,"column":52},"end":{"line":82,"column":1}}},"6":{"name":"pedersenHashPreliminary","decl":{"start":{"line":84,"column":22},"end":{"line":84,"column":45}},"loc":{"start":{"line":86,"column":16},"end":{"line":93,"column":1}}},"7":{"name":"pedersenHashFinal","decl":{"start":{"line":95,"column":22},"end":{"line":95,"column":39}},"loc":{"start":{"line":97,"column":18},"end":{"line":104,"column":1}}},"8":{"name":"toHex","decl":{"start":{"line":106,"column":16},"end":{"line":106,"column":21}},"loc":{"start":{"line":106,"column":49},"end":{"line":109,"column":1}}},"9":{"name":"generateCircuitInputJson","decl":{"start":{"line":122,"column":15},"end":{"line":122,"column":39}},"loc":{"start":{"line":127,"column":22},"end":{"line":145,"column":1}}},"10":{"name":"pedersenHashBuff","decl":{"start":{"line":147,"column":15},"end":{"line":147,"column":31}},"loc":{"start":{"line":147,"column":44},"end":{"line":154,"column":1}}},"11":{"name":"unstringifyBigInts","decl":{"start":{"line":157,"column":9},"end":{"line":157,"column":27}},"loc":{"start":{"line":157,"column":34},"end":{"line":174,"column":1}}},"12":{"name":"(anonymous_12)","decl":{"start":{"line":167,"column":17},"end":{"line":167,"column":18}},"loc":{"start":{"line":167,"column":23},"end":{"line":169,"column":5}}},"13":{"name":"toBufferLE","decl":{"start":{"line":176,"column":9},"end":{"line":176,"column":19}},"loc":{"start":{"line":176,"column":45},"end":{"line":184,"column":1}}},"14":{"name":"toBigIntLE","decl":{"start":{"line":186,"column":9},"end":{"line":186,"column":19}},"loc":{"start":{"line":186,"column":32},"end":{"line":194,"column":1}}}},"branchMap":{"0":{"loc":{"start":{"line":12,"column":2},"end":{"line":14,"column":null}},"type":"if","locations":[{"start":{"line":12,"column":2},"end":{"line":14,"column":null}}]},"1":{"loc":{"start":{"line":21,"column":2},"end":{"line":23,"column":null}},"type":"if","locations":[{"start":{"line":21,"column":2},"end":{"line":23,"column":null}}]},"2":{"loc":{"start":{"line":30,"column":2},"end":{"line":32,"column":null}},"type":"if","locations":[{"start":{"line":30,"column":2},"end":{"line":32,"column":null}}]},"3":{"loc":{"start":{"line":106,"column":38},"end":{"line":106,"column":49}},"type":"default-arg","locations":[{"start":{"line":106,"column":47},"end":{"line":106,"column":49}}]},"4":{"loc":{"start":{"line":158,"column":2},"end":{"line":173,"column":null}},"type":"if","locations":[{"start":{"line":158,"column":2},"end":{"line":173,"column":null}},{"start":{"line":160,"column":9},"end":{"line":173,"column":null}}]},"5":{"loc":{"start":{"line":158,"column":6},"end":{"line":158,"column":48}},"type":"binary-expr","locations":[{"start":{"line":158,"column":6},"end":{"line":158,"column":26}},{"start":{"line":158,"column":30},"end":{"line":158,"column":48}}]},"6":{"loc":{"start":{"line":160,"column":9},"end":{"line":173,"column":null}},"type":"if","locations":[{"start":{"line":160,"column":9},"end":{"line":173,"column":null}},{"start":{"line":162,"column":9},"end":{"line":173,"column":null}}]},"7":{"loc":{"start":{"line":160,"column":13},"end":{"line":160,"column":63}},"type":"binary-expr","locations":[{"start":{"line":160,"column":13},"end":{"line":160,"column":33}},{"start":{"line":160,"column":37},"end":{"line":160,"column":63}}]},"8":{"loc":{"start":{"line":162,"column":9},"end":{"line":173,"column":null}},"type":"if","locations":[{"start":{"line":162,"column":9},"end":{"line":173,"column":null}},{"start":{"line":164,"column":9},"end":{"line":173,"column":null}}]},"9":{"loc":{"start":{"line":164,"column":9},"end":{"line":173,"column":null}},"type":"if","locations":[{"start":{"line":164,"column":9},"end":{"line":173,"column":null}},{"start":{"line":171,"column":9},"end":{"line":173,"column":null}}]},"10":{"loc":{"start":{"line":190,"column":2},"end":{"line":192,"column":null}},"type":"if","locations":[{"start":{"line":190,"column":2},"end":{"line":192,"column":null}}]}},"s":{"0":1,"1":1,"2":1,"3":1,"4":0,"5":0,"6":0,"7":1,"8":1,"9":1,"10":1,"11":1,"12":1,"13":1,"14":1,"15":0,"16":0,"17":0,"18":0,"19":0,"20":0,"21":0,"22":0,"23":0,"24":0,"25":1,"26":0,"27":0,"28":0,"29":1,"30":1,"31":1,"32":0,"33":0,"34":0,"35":0,"36":1,"37":0,"38":0,"39":0,"40":0,"41":1,"42":0,"43":0,"44":1,"45":0,"46":0,"47":0,"48":0,"49":0,"50":0,"51":1,"52":1,"53":1,"54":1,"55":1,"56":0,"57":0,"58":0,"59":0,"60":0,"61":0,"62":0,"63":0,"64":0,"65":0,"66":0,"67":0,"68":0,"69":1,"70":1,"71":1,"72":1,"73":0,"74":0,"75":0,"76":0,"77":0,"78":0},"f":{"0":0,"1":1,"2":1,"3":0,"4":0,"5":1,"6":0,"7":0,"8":0,"9":0,"10":1,"11":0,"12":0,"13":1,"14":0},"b":{"0":[0],"1":[1],"2":[1],"3":[0],"4":[0,0],"5":[0,0],"6":[0,0],"7":[0,0],"8":[0,0],"9":[0,0],"10":[0]}}
,"/Users/kiliankaslin/Documents/morphysm/famed-airdrop-prototype/zkp-merkle-airdrop-lib/src/witness_calculator.js": {"path":"/Users/kiliankaslin/Documents/morphysm/famed-airdrop-prototype/zkp-merkle-airdrop-lib/src/witness_calculator.js","statementMap":{"0":{"start":{"line":1,"column":0},"end":{"line":72,"column":2}},"1":{"start":{"line":3,"column":4},"end":{"line":3,"column":28}},"2":{"start":{"line":5,"column":23},"end":{"line":5,"column":54}},"3":{"start":{"line":10,"column":21},"end":{"line":36,"column":6}},"4":{"start":{"line":14,"column":16},"end":{"line":26,"column":17}},"5":{"start":{"line":15,"column":20},"end":{"line":15,"column":49}},"6":{"start":{"line":16,"column":23},"end":{"line":26,"column":17}},"7":{"start":{"line":17,"column":20},"end":{"line":17,"column":53}},"8":{"start":{"line":18,"column":23},"end":{"line":26,"column":17}},"9":{"start":{"line":19,"column":20},"end":{"line":19,"column":51}},"10":{"start":{"line":20,"column":9},"end":{"line":26,"column":17}},"11":{"start":{"line":21,"column":20},"end":{"line":21,"column":46}},"12":{"start":{"line":22,"column":9},"end":{"line":26,"column":17}},"13":{"start":{"line":23,"column":20},"end":{"line":23,"column":50}},"14":{"start":{"line":25,"column":6},"end":{"line":25,"column":32}},"15":{"start":{"line":28,"column":2},"end":{"line":28,"column":25}},"16":{"start":{"line":29,"column":16},"end":{"line":29,"column":40}},"17":{"start":{"line":32,"column":2},"end":{"line":32,"column":25}},"18":{"start":{"line":39,"column":8},"end":{"line":39,"column":15}},"19":{"start":{"line":50,"column":4},"end":{"line":50,"column":54}},"20":{"start":{"line":51,"column":4},"end":{"line":51,"column":14}},"21":{"start":{"line":54,"column":22},"end":{"line":54,"column":24}},"22":{"start":{"line":55,"column":9},"end":{"line":55,"column":42}},"23":{"start":{"line":56,"column":8},"end":{"line":59,"column":2}},"24":{"start":{"line":57,"column":5},"end":{"line":57,"column":39}},"25":{"start":{"line":58,"column":5},"end":{"line":58,"column":43}},"26":{"start":{"line":60,"column":8},"end":{"line":60,"column":23}},"27":{"start":{"line":64,"column":31},"end":{"line":64,"column":66}},"28":{"start":{"line":65,"column":13},"end":{"line":65,"column":51}},"29":{"start":{"line":66,"column":1},"end":{"line":68,"column":2}},"30":{"start":{"line":66,"column":12},"end":{"line":66,"column":13}},"31":{"start":{"line":67,"column":5},"end":{"line":67,"column":77}},"32":{"start":{"line":69,"column":1},"end":{"line":69,"column":31}},"33":{"start":{"line":76,"column":8},"end":{"line":76,"column":33}},"34":{"start":{"line":78,"column":1},"end":{"line":78,"column":51}},"35":{"start":{"line":79,"column":8},"end":{"line":79,"column":60}},"36":{"start":{"line":81,"column":8},"end":{"line":81,"column":44}},"37":{"start":{"line":82,"column":20},"end":{"line":82,"column":39}},"38":{"start":{"line":83,"column":8},"end":{"line":85,"column":9}},"39":{"start":{"line":83,"column":19},"end":{"line":83,"column":20}},"40":{"start":{"line":84,"column":12},"end":{"line":84,"column":76}},"41":{"start":{"line":86,"column":8},"end":{"line":86,"column":38}},"42":{"start":{"line":88,"column":8},"end":{"line":88,"column":66}},"43":{"start":{"line":90,"column":8},"end":{"line":90,"column":39}},"44":{"start":{"line":94,"column":1},"end":{"line":94,"column":43}},"45":{"start":{"line":99,"column":8},"end":{"line":99,"column":78}},"46":{"start":{"line":100,"column":21},"end":{"line":100,"column":39}},"47":{"start":{"line":101,"column":21},"end":{"line":101,"column":22}},"48":{"start":{"line":102,"column":8},"end":{"line":121,"column":11}},"49":{"start":{"line":103,"column":22},"end":{"line":103,"column":32}},"50":{"start":{"line":104,"column":25},"end":{"line":104,"column":51}},"51":{"start":{"line":105,"column":25},"end":{"line":105,"column":52}},"52":{"start":{"line":106,"column":25},"end":{"line":106,"column":44}},"53":{"start":{"line":107,"column":12},"end":{"line":119,"column":13}},"54":{"start":{"line":107,"column":23},"end":{"line":107,"column":24}},"55":{"start":{"line":108,"column":16},"end":{"line":108,"column":43}},"56":{"start":{"line":109,"column":2},"end":{"line":111,"column":3}},"57":{"start":{"line":109,"column":13},"end":{"line":109,"column":14}},"58":{"start":{"line":110,"column":6},"end":{"line":110,"column":71}},"59":{"start":{"line":112,"column":2},"end":{"line":118,"column":3}},"60":{"start":{"line":113,"column":20},"end":{"line":113,"column":71}},"61":{"start":{"line":114,"column":6},"end":{"line":114,"column":22}},"62":{"start":{"line":117,"column":20},"end":{"line":117,"column":41}},"63":{"start":{"line":122,"column":1},"end":{"line":124,"column":2}},"64":{"start":{"line":123,"column":5},"end":{"line":123,"column":123}},"65":{"start":{"line":129,"column":18},"end":{"line":129,"column":20}},"66":{"start":{"line":131,"column":8},"end":{"line":131,"column":59}},"67":{"start":{"line":133,"column":8},"end":{"line":140,"column":9}},"68":{"start":{"line":133,"column":19},"end":{"line":133,"column":20}},"69":{"start":{"line":134,"column":12},"end":{"line":134,"column":48}},"70":{"start":{"line":135,"column":17},"end":{"line":135,"column":42}},"71":{"start":{"line":136,"column":12},"end":{"line":138,"column":13}},"72":{"start":{"line":136,"column":23},"end":{"line":136,"column":24}},"73":{"start":{"line":137,"column":12},"end":{"line":137,"column":76}},"74":{"start":{"line":139,"column":12},"end":{"line":139,"column":37}},"75":{"start":{"line":142,"column":8},"end":{"line":142,"column":17}},"76":{"start":{"line":148,"column":23},"end":{"line":148,"column":65}},"77":{"start":{"line":149,"column":14},"end":{"line":149,"column":45}},"78":{"start":{"line":150,"column":8},"end":{"line":150,"column":59}},"79":{"start":{"line":152,"column":8},"end":{"line":158,"column":9}},"80":{"start":{"line":152,"column":19},"end":{"line":152,"column":20}},"81":{"start":{"line":153,"column":12},"end":{"line":153,"column":48}},"82":{"start":{"line":154,"column":17},"end":{"line":154,"column":27}},"83":{"start":{"line":155,"column":12},"end":{"line":157,"column":13}},"84":{"start":{"line":155,"column":23},"end":{"line":155,"column":24}},"85":{"start":{"line":156,"column":2},"end":{"line":156,"column":62}},"86":{"start":{"line":160,"column":1},"end":{"line":160,"column":13}},"87":{"start":{"line":166,"column":23},"end":{"line":166,"column":77}},"88":{"start":{"line":167,"column":14},"end":{"line":167,"column":45}},"89":{"start":{"line":168,"column":8},"end":{"line":168,"column":59}},"90":{"start":{"line":171,"column":1},"end":{"line":171,"column":28}},"91":{"start":{"line":172,"column":1},"end":{"line":172,"column":28}},"92":{"start":{"line":173,"column":1},"end":{"line":173,"column":28}},"93":{"start":{"line":174,"column":1},"end":{"line":174,"column":28}},"94":{"start":{"line":177,"column":1},"end":{"line":177,"column":15}},"95":{"start":{"line":180,"column":1},"end":{"line":180,"column":15}},"96":{"start":{"line":183,"column":1},"end":{"line":183,"column":15}},"97":{"start":{"line":185,"column":12},"end":{"line":185,"column":22}},"98":{"start":{"line":187,"column":26},"end":{"line":187,"column":32}},"99":{"start":{"line":188,"column":29},"end":{"line":188,"column":58}},"100":{"start":{"line":189,"column":8},"end":{"line":189,"column":65}},"101":{"start":{"line":190,"column":8},"end":{"line":190,"column":66}},"102":{"start":{"line":193,"column":1},"end":{"line":193,"column":16}},"103":{"start":{"line":196,"column":1},"end":{"line":196,"column":37}},"104":{"start":{"line":198,"column":11},"end":{"line":198,"column":12}},"105":{"start":{"line":199,"column":8},"end":{"line":201,"column":9}},"106":{"start":{"line":199,"column":19},"end":{"line":199,"column":20}},"107":{"start":{"line":200,"column":5},"end":{"line":200,"column":65}},"108":{"start":{"line":202,"column":1},"end":{"line":202,"column":17}},"109":{"start":{"line":205,"column":1},"end":{"line":205,"column":32}},"110":{"start":{"line":206,"column":1},"end":{"line":206,"column":7}},"111":{"start":{"line":209,"column":1},"end":{"line":209,"column":17}},"112":{"start":{"line":210,"column":1},"end":{"line":210,"column":7}},"113":{"start":{"line":213,"column":26},"end":{"line":213,"column":45}},"114":{"start":{"line":214,"column":29},"end":{"line":214,"column":58}},"115":{"start":{"line":215,"column":8},"end":{"line":215,"column":67}},"116":{"start":{"line":216,"column":8},"end":{"line":216,"column":70}},"117":{"start":{"line":218,"column":1},"end":{"line":218,"column":10}},"118":{"start":{"line":219,"column":8},"end":{"line":225,"column":9}},"119":{"start":{"line":219,"column":19},"end":{"line":219,"column":20}},"120":{"start":{"line":220,"column":12},"end":{"line":220,"column":48}},"121":{"start":{"line":221,"column":12},"end":{"line":223,"column":13}},"122":{"start":{"line":221,"column":23},"end":{"line":221,"column":24}},"123":{"start":{"line":222,"column":2},"end":{"line":222,"column":62}},"124":{"start":{"line":224,"column":5},"end":{"line":224,"column":21}},"125":{"start":{"line":227,"column":1},"end":{"line":227,"column":13}},"126":{"start":{"line":234,"column":16},"end":{"line":234,"column":18}},"127":{"start":{"line":235,"column":14},"end":{"line":235,"column":23}},"128":{"start":{"line":236,"column":18},"end":{"line":236,"column":37}},"129":{"start":{"line":237,"column":4},"end":{"line":240,"column":5}},"130":{"start":{"line":238,"column":8},"end":{"line":238,"column":42}},"131":{"start":{"line":239,"column":8},"end":{"line":239,"column":26}},"132":{"start":{"line":241,"column":4},"end":{"line":247,"column":5}},"133":{"start":{"line":242,"column":9},"end":{"line":242,"column":26}},"134":{"start":{"line":243,"column":1},"end":{"line":246,"column":2}},"135":{"start":{"line":244,"column":5},"end":{"line":244,"column":20}},"136":{"start":{"line":245,"column":5},"end":{"line":245,"column":9}},"137":{"start":{"line":248,"column":4},"end":{"line":248,"column":15}},"138":{"start":{"line":252,"column":14},"end":{"line":252,"column":23}},"139":{"start":{"line":253,"column":18},"end":{"line":253,"column":37}},"140":{"start":{"line":254,"column":4},"end":{"line":256,"column":5}},"141":{"start":{"line":254,"column":17},"end":{"line":254,"column":18}},"142":{"start":{"line":255,"column":8},"end":{"line":255,"column":41}},"143":{"start":{"line":257,"column":4},"end":{"line":257,"column":15}},"144":{"start":{"line":261,"column":14},"end":{"line":261,"column":16}},"145":{"start":{"line":262,"column":4},"end":{"line":262,"column":22}},"146":{"start":{"line":263,"column":4},"end":{"line":263,"column":15}},"147":{"start":{"line":266,"column":8},"end":{"line":272,"column":9}},"148":{"start":{"line":267,"column":12},"end":{"line":269,"column":13}},"149":{"start":{"line":267,"column":23},"end":{"line":267,"column":24}},"150":{"start":{"line":268,"column":16},"end":{"line":268,"column":37}},"151":{"start":{"line":271,"column":12},"end":{"line":271,"column":24}},"152":{"start":{"line":277,"column":23},"end":{"line":277,"column":38}},"153":{"start":{"line":278,"column":15},"end":{"line":278,"column":43}},"154":{"start":{"line":279,"column":4},"end":{"line":283,"column":5}},"155":{"start":{"line":279,"column":17},"end":{"line":279,"column":18}},"156":{"start":{"line":280,"column":1},"end":{"line":280,"column":37}},"157":{"start":{"line":281,"column":1},"end":{"line":281,"column":31}},"158":{"start":{"line":282,"column":1},"end":{"line":282,"column":20}},"159":{"start":{"line":284,"column":16},"end":{"line":284,"column":33}},"160":{"start":{"line":285,"column":12},"end":{"line":285,"column":29}},"161":{"start":{"line":286,"column":4},"end":{"line":286,"column":40}},"162":{"start":{"line":287,"column":4},"end":{"line":287,"column":17}}},"fnMap":{"0":{"name":"builder","decl":{"start":{"line":1,"column":32},"end":{"line":1,"column":39}},"loc":{"start":{"line":1,"column":55},"end":{"line":72,"column":1}},"line":1},"1":{"name":"(anonymous_1)","decl":{"start":{"line":12,"column":31},"end":{"line":12,"column":32}},"loc":{"start":{"line":12,"column":46},"end":{"line":30,"column":13}},"line":12},"2":{"name":"(anonymous_2)","decl":{"start":{"line":31,"column":25},"end":{"line":31,"column":26}},"loc":{"start":{"line":31,"column":36},"end":{"line":33,"column":13}},"line":31},"3":{"name":"getMessage","decl":{"start":{"line":53,"column":13},"end":{"line":53,"column":23}},"loc":{"start":{"line":53,"column":26},"end":{"line":61,"column":5}},"line":53},"4":{"name":"printSharedRWMemory","decl":{"start":{"line":63,"column":13},"end":{"line":63,"column":32}},"loc":{"start":{"line":63,"column":36},"end":{"line":70,"column":5}},"line":63},"5":{"name":"(anonymous_5)","decl":{"start":{"line":75,"column":4},"end":{"line":75,"column":5}},"loc":{"start":{"line":75,"column":39},"end":{"line":91,"column":5}},"line":75},"6":{"name":"(anonymous_6)","decl":{"start":{"line":93,"column":4},"end":{"line":93,"column":5}},"loc":{"start":{"line":93,"column":21},"end":{"line":95,"column":5}},"line":93},"7":{"name":"(anonymous_7)","decl":{"start":{"line":97,"column":4},"end":{"line":97,"column":5}},"loc":{"start":{"line":97,"column":50},"end":{"line":125,"column":5}},"line":97},"8":{"name":"(anonymous_8)","decl":{"start":{"line":102,"column":22},"end":{"line":102,"column":23}},"loc":{"start":{"line":102,"column":29},"end":{"line":121,"column":9}},"line":102},"9":{"name":"(anonymous_9)","decl":{"start":{"line":127,"column":4},"end":{"line":127,"column":5}},"loc":{"start":{"line":127,"column":47},"end":{"line":143,"column":5}},"line":127},"10":{"name":"(anonymous_10)","decl":{"start":{"line":146,"column":4},"end":{"line":146,"column":5}},"loc":{"start":{"line":146,"column":50},"end":{"line":161,"column":5}},"line":146},"11":{"name":"(anonymous_11)","decl":{"start":{"line":164,"column":4},"end":{"line":164,"column":5}},"loc":{"start":{"line":164,"column":47},"end":{"line":228,"column":5}},"line":164},"12":{"name":"toArray32","decl":{"start":{"line":233,"column":9},"end":{"line":233,"column":18}},"loc":{"start":{"line":233,"column":27},"end":{"line":249,"column":1}},"line":233},"13":{"name":"fromArray32","decl":{"start":{"line":251,"column":9},"end":{"line":251,"column":20}},"loc":{"start":{"line":251,"column":26},"end":{"line":258,"column":1}},"line":251},"14":{"name":"flatArray","decl":{"start":{"line":260,"column":9},"end":{"line":260,"column":18}},"loc":{"start":{"line":260,"column":22},"end":{"line":274,"column":1}},"line":260},"15":{"name":"fillArray","decl":{"start":{"line":265,"column":13},"end":{"line":265,"column":22}},"loc":{"start":{"line":265,"column":31},"end":{"line":273,"column":5}},"line":265},"16":{"name":"fnvHash","decl":{"start":{"line":276,"column":9},"end":{"line":276,"column":16}},"loc":{"start":{"line":276,"column":22},"end":{"line":288,"column":1}},"line":276}},"branchMap":{"0":{"loc":{"start":{"line":3,"column":14},"end":{"line":3,"column":27}},"type":"binary-expr","locations":[{"start":{"line":3,"column":14},"end":{"line":3,"column":21}},{"start":{"line":3,"column":25},"end":{"line":3,"column":27}}],"line":3},"1":{"loc":{"start":{"line":14,"column":16},"end":{"line":26,"column":17}},"type":"if","locations":[{"start":{"line":14,"column":16},"end":{"line":26,"column":17}},{"start":{"line":16,"column":23},"end":{"line":26,"column":17}}],"line":14},"2":{"loc":{"start":{"line":16,"column":23},"end":{"line":26,"column":17}},"type":"if","locations":[{"start":{"line":16,"column":23},"end":{"line":26,"column":17}},{"start":{"line":18,"column":23},"end":{"line":26,"column":17}}],"line":16},"3":{"loc":{"start":{"line":18,"column":23},"end":{"line":26,"column":17}},"type":"if","locations":[{"start":{"line":18,"column":23},"end":{"line":26,"column":17}},{"start":{"line":20,"column":9},"end":{"line":26,"column":17}}],"line":18},"4":{"loc":{"start":{"line":20,"column":9},"end":{"line":26,"column":17}},"type":"if","locations":[{"start":{"line":20,"column":9},"end":{"line":26,"column":17}},{"start":{"line":22,"column":9},"end":{"line":26,"column":17}}],"line":20},"5":{"loc":{"start":{"line":22,"column":9},"end":{"line":26,"column":17}},"type":"if","locations":[{"start":{"line":22,"column":9},"end":{"line":26,"column":17}},{"start":{"line":24,"column":9},"end":{"line":26,"column":17}}],"line":22},"6":{"loc":{"start":{"line":99,"column":35},"end":{"line":99,"column":76}},"type":"cond-expr","locations":[{"start":{"line":99,"column":71},"end":{"line":99,"column":72}},{"start":{"line":99,"column":75},"end":{"line":99,"column":76}}],"line":99},"7":{"loc":{"start":{"line":99,"column":36},"end":{"line":99,"column":67}},"type":"binary-expr","locations":[{"start":{"line":99,"column":36},"end":{"line":99,"column":52}},{"start":{"line":99,"column":56},"end":{"line":99,"column":67}}],"line":99},"8":{"loc":{"start":{"line":122,"column":1},"end":{"line":124,"column":2}},"type":"if","locations":[{"start":{"line":122,"column":1},"end":{"line":124,"column":2}},{"start":{},"end":{}}],"line":122},"9":{"loc":{"start":{"line":241,"column":4},"end":{"line":247,"column":5}},"type":"if","locations":[{"start":{"line":241,"column":4},"end":{"line":247,"column":5}},{"start":{},"end":{}}],"line":241},"10":{"loc":{"start":{"line":266,"column":8},"end":{"line":272,"column":9}},"type":"if","locations":[{"start":{"line":266,"column":8},"end":{"line":272,"column":9}},{"start":{"line":270,"column":15},"end":{"line":272,"column":9}}],"line":266}},"s":{"0":1,"1":0,"2":0,"3":0,"4":0,"5":0,"6":0,"7":0,"8":0,"9":0,"10":0,"11":0,"12":0,"13":0,"14":0,"15":0,"16":0,"17":0,"18":0,"19":0,"20":0,"21":0,"22":0,"23":0,"24":0,"25":0,"26":0,"27":0,"28":0,"29":0,"30":0,"31":0,"32":0,"33":0,"34":0,"35":0,"36":0,"37":0,"38":0,"39":0,"40":0,"41":0,"42":0,"43":0,"44":0,"45":0,"46":0,"47":0,"48":0,"49":0,"50":0,"51":0,"52":0,"53":0,"54":0,"55":0,"56":0,"57":0,"58":0,"59":0,"60":0,"61":0,"62":0,"63":0,"64":0,"65":0,"66":0,"67":0,"68":0,"69":0,"70":0,"71":0,"72":0,"73":0,"74":0,"75":0,"76":0,"77":0,"78":0,"79":0,"80":0,"81":0,"82":0,"83":0,"84":0,"85":0,"86":0,"87":0,"88":0,"89":0,"90":0,"91":0,"92":0,"93":0,"94":0,"95":0,"96":0,"97":0,"98":0,"99":0,"100":0,"101":0,"102":0,"103":0,"104":0,"105":0,"106":0,"107":0,"108":0,"109":0,"110":0,"111":0,"112":0,"113":0,"114":0,"115":0,"116":0,"117":0,"118":0,"119":0,"120":0,"121":0,"122":0,"123":0,"124":0,"125":0,"126":0,"127":0,"128":0,"129":0,"130":0,"131":0,"132":0,"133":0,"134":0,"135":0,"136":0,"137":0,"138":0,"139":0,"140":0,"141":0,"142":0,"143":0,"144":0,"145":0,"146":0,"147":0,"148":0,"149":0,"150":0,"151":0,"152":0,"153":0,"154":0,"155":0,"156":0,"157":0,"158":0,"159":0,"160":0,"161":0,"162":0},"f":{"0":0,"1":0,"2":0,"3":0,"4":0,"5":0,"6":0,"7":0,"8":0,"9":0,"10":0,"11":0,"12":0,"13":0,"14":0,"15":0,"16":0},"b":{"0":[0,0],"1":[0,0],"2":[0,0],"3":[0,0],"4":[0,0],"5":[0,0],"6":[0,0],"7":[0,0],"8":[0,0],"9":[0,0],"10":[0,0]},"inputSourceMap":null,"_coverageSchema":"1a1c01bbd47fc00a2c39e90264f33305004495a9","hash":"cb09c99c58e671c851fee613feee0f04dd5ee568"}
}
