TN:
SF:src/Library.ts
FN:11,(anonymous_0)
FN:20,(anonymous_1)
FN:29,(anonymous_2)
FN:37,generateProofCallData
FN:74,mimcSponge
FN:79,pedersenHash
FN:83,pedersenHashPreliminary
FN:94,pedersenHashFinal
FN:105,toHex
FN:121,generateCircuitInputJson
FN:146,pedersenHashBuff
FN:154,unstringifyBigInts
FN:164,(anonymous_12)
FN:173,toBufferLE
FN:183,toBigIntLE
FNF:15
FNH:6
FNDA:0,(anonymous_0)
FNDA:1,(anonymous_1)
FNDA:1,(anonymous_2)
FNDA:0,generateProofCallData
FNDA:0,mimcSponge
FNDA:1,pedersenHash
FNDA:0,pedersenHashPreliminary
FNDA:0,pedersenHashFinal
FNDA:0,toHex
FNDA:0,generateCircuitInputJson
FNDA:1,pedersenHashBuff
FNDA:0,unstringifyBigInts
FNDA:0,(anonymous_12)
FNDA:1,toBufferLE
FNDA:1,toBigIntLE
DA:4,1
DA:5,1
DA:6,1
DA:11,1
DA:12,0
DA:13,0
DA:16,0
DA:20,1
DA:21,1
DA:22,1
DA:25,1
DA:29,1
DA:30,1
DA:31,1
DA:34,1
DA:37,1
DA:46,0
DA:54,0
DA:56,0
DA:57,0
DA:59,0
DA:64,0
DA:65,0
DA:66,0
DA:70,0
DA:71,0
DA:74,1
DA:75,0
DA:76,0
DA:79,1
DA:80,1
DA:83,1
DA:87,0
DA:88,0
DA:90,0
DA:91,0
DA:94,1
DA:98,0
DA:99,0
DA:101,0
DA:102,0
DA:105,1
DA:106,0
DA:107,0
DA:128,0
DA:129,0
DA:130,0
DA:131,0
DA:133,0
DA:143,0
DA:147,1
DA:148,1
DA:149,1
DA:150,1
DA:155,0
DA:156,0
DA:157,0
DA:158,0
DA:159,0
DA:160,0
DA:161,0
DA:162,0
DA:163,0
DA:164,0
DA:165,0
DA:167,0
DA:169,0
DA:174,1
DA:175,1
DA:179,1
DA:180,1
DA:184,1
DA:185,1
DA:186,1
DA:187,1
DA:188,0
DA:190,1
LF:77
LH:32
BRDA:12,0,0,0
BRDA:21,1,0,1
BRDA:30,2,0,1
BRDA:105,3,0,0
BRDA:155,4,0,0
BRDA:155,4,1,0
BRDA:155,5,0,0
BRDA:155,5,1,0
BRDA:157,6,0,0
BRDA:157,6,1,0
BRDA:157,7,0,0
BRDA:157,7,1,0
BRDA:159,8,0,0
BRDA:159,8,1,0
BRDA:161,9,0,0
BRDA:161,9,1,0
BRDA:187,10,0,0
BRF:17
BRH:2
end_of_record
TN:
SF:src/witness_calculator.js
FN:1,builder
FN:12,(anonymous_1)
FN:31,(anonymous_2)
FN:53,getMessage
FN:63,printSharedRWMemory
FN:75,(anonymous_5)
FN:93,(anonymous_6)
FN:97,(anonymous_7)
FN:102,(anonymous_8)
FN:127,(anonymous_9)
FN:146,(anonymous_10)
FN:164,(anonymous_11)
FN:233,toArray32
FN:251,fromArray32
FN:260,flatArray
FN:265,fillArray
FN:276,fnvHash
FNF:17
FNH:0
FNDA:0,builder
FNDA:0,(anonymous_1)
FNDA:0,(anonymous_2)
FNDA:0,getMessage
FNDA:0,printSharedRWMemory
FNDA:0,(anonymous_5)
FNDA:0,(anonymous_6)
FNDA:0,(anonymous_7)
FNDA:0,(anonymous_8)
FNDA:0,(anonymous_9)
FNDA:0,(anonymous_10)
FNDA:0,(anonymous_11)
FNDA:0,toArray32
FNDA:0,fromArray32
FNDA:0,flatArray
FNDA:0,fillArray
FNDA:0,fnvHash
DA:1,1
DA:3,0
DA:5,0
DA:10,0
DA:14,0
DA:15,0
DA:16,0
DA:17,0
DA:18,0
DA:19,0
DA:20,0
DA:21,0
DA:22,0
DA:23,0
DA:25,0
DA:28,0
DA:29,0
DA:32,0
DA:39,0
DA:50,0
DA:51,0
DA:54,0
DA:55,0
DA:56,0
DA:57,0
DA:58,0
DA:60,0
DA:64,0
DA:65,0
DA:66,0
DA:67,0
DA:69,0
DA:76,0
DA:78,0
DA:79,0
DA:81,0
DA:82,0
DA:83,0
DA:84,0
DA:86,0
DA:88,0
DA:90,0
DA:94,0
DA:99,0
DA:100,0
DA:101,0
DA:102,0
DA:103,0
DA:104,0
DA:105,0
DA:106,0
DA:107,0
DA:108,0
DA:109,0
DA:110,0
DA:112,0
DA:113,0
DA:114,0
DA:117,0
DA:122,0
DA:123,0
DA:129,0
DA:131,0
DA:133,0
DA:134,0
DA:135,0
DA:136,0
DA:137,0
DA:139,0
DA:142,0
DA:148,0
DA:149,0
DA:150,0
DA:152,0
DA:153,0
DA:154,0
DA:155,0
DA:156,0
DA:160,0
DA:166,0
DA:167,0
DA:168,0
DA:171,0
DA:172,0
DA:173,0
DA:174,0
DA:177,0
DA:180,0
DA:183,0
DA:185,0
DA:187,0
DA:188,0
DA:189,0
DA:190,0
DA:193,0
DA:196,0
DA:198,0
DA:199,0
DA:200,0
DA:202,0
DA:205,0
DA:206,0
DA:209,0
DA:210,0
DA:213,0
DA:214,0
DA:215,0
DA:216,0
DA:218,0
DA:219,0
DA:220,0
DA:221,0
DA:222,0
DA:224,0
DA:227,0
DA:234,0
DA:235,0
DA:236,0
DA:237,0
DA:238,0
DA:239,0
DA:241,0
DA:242,0
DA:243,0
DA:244,0
DA:245,0
DA:248,0
DA:252,0
DA:253,0
DA:254,0
DA:255,0
DA:257,0
DA:261,0
DA:262,0
DA:263,0
DA:266,0
DA:267,0
DA:268,0
DA:271,0
DA:277,0
DA:278,0
DA:279,0
DA:280,0
DA:281,0
DA:282,0
DA:284,0
DA:285,0
DA:286,0
DA:287,0
LF:149
LH:1
BRDA:3,0,0,0
BRDA:3,0,1,0
BRDA:14,1,0,0
BRDA:14,1,1,0
BRDA:16,2,0,0
BRDA:16,2,1,0
BRDA:18,3,0,0
BRDA:18,3,1,0
BRDA:20,4,0,0
BRDA:20,4,1,0
BRDA:22,5,0,0
BRDA:22,5,1,0
BRDA:99,6,0,0
BRDA:99,6,1,0
BRDA:99,7,0,0
BRDA:99,7,1,0
BRDA:122,8,0,0
BRDA:122,8,1,0
BRDA:241,9,0,0
BRDA:241,9,1,0
BRDA:266,10,0,0
BRDA:266,10,1,0
BRF:22
BRH:0
end_of_record
