{"/Users/kiliankaslin/Downloads/Zeko/hardhat.config.ts": {"path":"/Users/kiliankaslin/Downloads/Zeko/hardhat.config.ts","statementMap":{"0":{"start":{"line":1,"column":0},"end":{"line":1,"column":28}},"1":{"start":{"line":2,"column":0},"end":{"line":2,"column":35}},"2":{"start":{"line":3,"column":0},"end":{"line":3,"column":35}},"3":{"start":{"line":4,"column":0},"end":{"line":4,"column":38}},"4":{"start":{"line":5,"column":0},"end":{"line":5,"column":30}},"5":{"start":{"line":6,"column":0},"end":{"line":6,"column":27}},"6":{"start":{"line":8,"column":0},"end":{"line":35,"column":2}}},"fnMap":{},"branchMap":{},"s":{"0":1,"1":1,"2":1,"3":1,"4":1,"5":1,"6":1},"f":{},"b":{}}
,"/Users/kiliankaslin/Downloads/Zeko/utils/TestUtils.ts": {"path":"/Users/kiliankaslin/Downloads/Zeko/utils/TestUtils.ts","statementMap":{"0":{"start":{"line":1,"column":0},"end":{"line":1,"column":33}},"1":{"start":{"line":2,"column":0},"end":{"line":2,"column":49}},"2":{"start":{"line":3,"column":0},"end":{"line":3,"column":79}},"3":{"start":{"line":4,"column":0},"end":{"line":4,"column":31}},"4":{"start":{"line":19,"column":33},"end":{"line":19,"column":35}},"5":{"start":{"line":20,"column":30},"end":{"line":20,"column":32}},"6":{"start":{"line":21,"column":25},"end":{"line":21,"column":27}},"7":{"start":{"line":22,"column":2},"end":{"line":26,"column":null}},"8":{"start":{"line":22,"column":15},"end":{"line":22,"column":16}},"9":{"start":{"line":23,"column":4},"end":{"line":23,"column":42}},"10":{"start":{"line":24,"column":4},"end":{"line":24,"column":39}},"11":{"start":{"line":25,"column":4},"end":{"line":25,"column":71}},"12":{"start":{"line":27,"column":19},"end":{"line":27,"column":54}},"13":{"start":{"line":28,"column":2},"end":{"line":28,"column":53}},"14":{"start":{"line":16,"column":0},"end":{"line":16,"column":16}},"15":{"start":{"line":35,"column":2},"end":{"line":36,"column":51}},"16":{"start":{"line":36,"column":4},"end":{"line":36,"column":51}},"17":{"start":{"line":38,"column":19},"end":{"line":38,"column":44}},"18":{"start":{"line":39,"column":2},"end":{"line":47,"column":null}},"19":{"start":{"line":39,"column":15},"end":{"line":39,"column":16}},"20":{"start":{"line":40,"column":4},"end":{"line":46,"column":11}},"21":{"start":{"line":49,"column":2},"end":{"line":52,"column":4}},"22":{"start":{"line":53,"column":2},"end":{"line":53,"column":45}},"23":{"start":{"line":31,"column":0},"end":{"line":31,"column":16}},"24":{"start":{"line":59,"column":16},"end":{"line":59,"column":37}},"25":{"start":{"line":60,"column":2},"end":{"line":60,"column":68}},"26":{"start":{"line":58,"column":0},"end":{"line":58,"column":16}},"27":{"start":{"line":66,"column":33},"end":{"line":66,"column":35}},"28":{"start":{"line":67,"column":30},"end":{"line":67,"column":32}},"29":{"start":{"line":68,"column":25},"end":{"line":68,"column":27}},"30":{"start":{"line":69,"column":2},"end":{"line":69,"column":38}},"31":{"start":{"line":70,"column":17},"end":{"line":70,"column":47}},"32":{"start":{"line":71,"column":14},"end":{"line":71,"column":34}},"33":{"start":{"line":72,"column":2},"end":{"line":83,"column":null}},"34":{"start":{"line":72,"column":15},"end":{"line":72,"column":16}},"35":{"start":{"line":73,"column":15},"end":{"line":73,"column":23}},"36":{"start":{"line":74,"column":17},"end":{"line":74,"column":32}},"37":{"start":{"line":75,"column":4},"end":{"line":75,"column":36}},"38":{"start":{"line":75,"column":27},"end":{"line":75,"column":36}},"39":{"start":{"line":77,"column":14},"end":{"line":77,"column":23}},"40":{"start":{"line":78,"column":17},"end":{"line":78,"column":26}},"41":{"start":{"line":79,"column":21},"end":{"line":79,"column":45}},"42":{"start":{"line":80,"column":4},"end":{"line":80,"column":37}},"43":{"start":{"line":81,"column":4},"end":{"line":81,"column":37}},"44":{"start":{"line":82,"column":4},"end":{"line":82,"column":36}},"45":{"start":{"line":84,"column":19},"end":{"line":84,"column":54}},"46":{"start":{"line":85,"column":2},"end":{"line":85,"column":53}},"47":{"start":{"line":63,"column":0},"end":{"line":63,"column":16}},"48":{"start":{"line":89,"column":2},"end":{"line":89,"column":48}},"49":{"start":{"line":88,"column":0},"end":{"line":88,"column":16}},"50":{"start":{"line":93,"column":19},"end":{"line":93,"column":36}},"51":{"start":{"line":94,"column":2},"end":{"line":94,"column":21}},"52":{"start":{"line":95,"column":14},"end":{"line":95,"column":38}},"53":{"start":{"line":96,"column":2},"end":{"line":98,"column":null}},"54":{"start":{"line":97,"column":4},"end":{"line":97,"column":21}},"55":{"start":{"line":99,"column":2},"end":{"line":99,"column":28}},"56":{"start":{"line":92,"column":0},"end":{"line":92,"column":16}},"57":{"start":{"line":103,"column":13},"end":{"line":103,"column":24}},"58":{"start":{"line":105,"column":2},"end":{"line":105,"column":21}},"59":{"start":{"line":102,"column":0},"end":{"line":102,"column":16}},"60":{"start":{"line":113,"column":22},"end":{"line":113,"column":55}},"61":{"start":{"line":115,"column":20},"end":{"line":115,"column":43}},"62":{"start":{"line":117,"column":23},"end":{"line":118,"column":null}},"63":{"start":{"line":120,"column":2},"end":{"line":120,"column":46}},"64":{"start":{"line":122,"column":2},"end":{"line":135,"column":null}},"65":{"start":{"line":123,"column":4},"end":{"line":125,"column":6}},"66":{"start":{"line":126,"column":4},"end":{"line":126,"column":13}},"67":{"start":{"line":127,"column":9},"end":{"line":135,"column":null}},"68":{"start":{"line":128,"column":4},"end":{"line":134,"column":6}},"69":{"start":{"line":137,"column":36},"end":{"line":138,"column":null}},"70":{"start":{"line":138,"column":4},"end":{"line":138,"column":22}},"71":{"start":{"line":140,"column":2},"end":{"line":142,"column":null}},"72":{"start":{"line":140,"column":15},"end":{"line":140,"column":33}},"73":{"start":{"line":141,"column":4},"end":{"line":141,"column":45}},"74":{"start":{"line":146,"column":23},"end":{"line":146,"column":45}},"75":{"start":{"line":148,"column":2},"end":{"line":148,"column":42}},"76":{"start":{"line":149,"column":2},"end":{"line":149,"column":64}},"77":{"start":{"line":152,"column":2},"end":{"line":152,"column":56}},"78":{"start":{"line":108,"column":0},"end":{"line":108,"column":16}},"79":{"start":{"line":159,"column":22},"end":{"line":159,"column":55}},"80":{"start":{"line":161,"column":20},"end":{"line":161,"column":43}},"81":{"start":{"line":163,"column":2},"end":{"line":176,"column":null}},"82":{"start":{"line":164,"column":4},"end":{"line":166,"column":6}},"83":{"start":{"line":167,"column":4},"end":{"line":167,"column":13}},"84":{"start":{"line":168,"column":9},"end":{"line":176,"column":null}},"85":{"start":{"line":169,"column":4},"end":{"line":175,"column":6}},"86":{"start":{"line":178,"column":36},"end":{"line":179,"column":null}},"87":{"start":{"line":179,"column":4},"end":{"line":179,"column":22}},"88":{"start":{"line":181,"column":2},"end":{"line":183,"column":null}},"89":{"start":{"line":181,"column":15},"end":{"line":181,"column":33}},"90":{"start":{"line":182,"column":4},"end":{"line":182,"column":45}},"91":{"start":{"line":187,"column":2},"end":{"line":187,"column":56}},"92":{"start":{"line":155,"column":0},"end":{"line":155,"column":16}}},"fnMap":{"0":{"name":"generateMerkleTreeAndKeys","decl":{"start":{"line":16,"column":16},"end":{"line":16,"column":41}},"loc":{"start":{"line":17,"column":19},"end":{"line":29,"column":1}}},"1":{"name":"saveMerkleTreeAndSource","decl":{"start":{"line":31,"column":16},"end":{"line":31,"column":39}},"loc":{"start":{"line":33,"column":25},"end":{"line":54,"column":1}}},"2":{"name":"saveMerkleTree","decl":{"start":{"line":58,"column":16},"end":{"line":58,"column":30}},"loc":{"start":{"line":58,"column":70},"end":{"line":61,"column":1}}},"3":{"name":"readMerkleTreeAndSourceFromFile","decl":{"start":{"line":63,"column":16},"end":{"line":63,"column":47}},"loc":{"start":{"line":64,"column":18},"end":{"line":86,"column":1}}},"4":{"name":"randomBigInt","decl":{"start":{"line":88,"column":16},"end":{"line":88,"column":28}},"loc":{"start":{"line":88,"column":43},"end":{"line":90,"column":1}}},"5":{"name":"toBigIntLE","decl":{"start":{"line":92,"column":16},"end":{"line":92,"column":26}},"loc":{"start":{"line":92,"column":39},"end":{"line":100,"column":1}}},"6":{"name":"getMerkleRoot","decl":{"start":{"line":102,"column":16},"end":{"line":102,"column":29}},"loc":{"start":{"line":102,"column":44},"end":{"line":106,"column":1}}},"7":{"name":"addNewCommitment","decl":{"start":{"line":108,"column":16},"end":{"line":108,"column":32}},"loc":{"start":{"line":111,"column":20},"end":{"line":153,"column":1}}},"8":{"name":"(anonymous_14)","decl":{"start":{"line":137,"column":52},"end":{"line":137,"column":53}},"loc":{"start":{"line":138,"column":4},"end":{"line":138,"column":22}}},"9":{"name":"getMerkleTreeFromPublicListOfCommitments","decl":{"start":{"line":155,"column":16},"end":{"line":155,"column":56}},"loc":{"start":{"line":157,"column":20},"end":{"line":188,"column":1}}},"10":{"name":"(anonymous_16)","decl":{"start":{"line":178,"column":52},"end":{"line":178,"column":53}},"loc":{"start":{"line":179,"column":4},"end":{"line":179,"column":22}}}},"branchMap":{"0":{"loc":{"start":{"line":33,"column":2},"end":{"line":33,"column":25}},"type":"default-arg","locations":[{"start":{"line":33,"column":23},"end":{"line":33,"column":25}}]},"1":{"loc":{"start":{"line":35,"column":2},"end":{"line":36,"column":51}},"type":"if","locations":[{"start":{"line":35,"column":2},"end":{"line":36,"column":51}}]},"2":{"loc":{"start":{"line":58,"column":47},"end":{"line":58,"column":70}},"type":"default-arg","locations":[{"start":{"line":58,"column":68},"end":{"line":58,"column":70}}]},"3":{"loc":{"start":{"line":75,"column":4},"end":{"line":75,"column":36}},"type":"if","locations":[{"start":{"line":75,"column":4},"end":{"line":75,"column":36}}]},"4":{"loc":{"start":{"line":96,"column":2},"end":{"line":98,"column":null}},"type":"if","locations":[{"start":{"line":96,"column":2},"end":{"line":98,"column":null}}]},"5":{"loc":{"start":{"line":122,"column":2},"end":{"line":135,"column":null}},"type":"if","locations":[{"start":{"line":122,"column":2},"end":{"line":135,"column":null}},{"start":{"line":127,"column":9},"end":{"line":135,"column":null}}]},"6":{"loc":{"start":{"line":127,"column":9},"end":{"line":135,"column":null}},"type":"if","locations":[{"start":{"line":127,"column":9},"end":{"line":135,"column":null}}]},"7":{"loc":{"start":{"line":163,"column":2},"end":{"line":176,"column":null}},"type":"if","locations":[{"start":{"line":163,"column":2},"end":{"line":176,"column":null}},{"start":{"line":168,"column":9},"end":{"line":176,"column":null}}]},"8":{"loc":{"start":{"line":168,"column":9},"end":{"line":176,"column":null}},"type":"if","locations":[{"start":{"line":168,"column":9},"end":{"line":176,"column":null}}]}},"s":{"0":2,"1":2,"2":2,"3":2,"4":1,"5":1,"6":1,"7":1,"8":1,"9":64,"10":64,"11":64,"12":1,"13":1,"14":2,"15":0,"16":0,"17":0,"18":0,"19":0,"20":0,"21":0,"22":0,"23":2,"24":0,"25":0,"26":2,"27":0,"28":0,"29":0,"30":0,"31":0,"32":0,"33":0,"34":0,"35":0,"36":0,"37":0,"38":0,"39":0,"40":0,"41":0,"42":0,"43":0,"44":0,"45":0,"46":0,"47":2,"48":130,"49":2,"50":130,"51":130,"52":130,"53":130,"54":0,"55":130,"56":2,"57":4,"58":4,"59":2,"60":1,"61":1,"62":1,"63":1,"64":1,"65":0,"66":0,"67":1,"68":0,"69":1,"70":32,"71":1,"72":1,"73":0,"74":1,"75":1,"76":1,"77":1,"78":2,"79":4,"80":4,"81":4,"82":0,"83":0,"84":4,"85":0,"86":4,"87":128,"88":4,"89":4,"90":0,"91":4,"92":2},"f":{"0":1,"1":0,"2":0,"3":0,"4":130,"5":130,"6":4,"7":1,"8":32,"9":4,"10":128},"b":{"0":[0],"1":[0],"2":[0],"3":[0],"4":[0],"5":[0,1],"6":[0],"7":[0,4],"8":[0]}}
,"/Users/kiliankaslin/Downloads/Zeko/zkp-merkle-airdrop-lib/lib/Library.js": {"path":"/Users/kiliankaslin/Downloads/Zeko/zkp-merkle-airdrop-lib/lib/Library.js","statementMap":{"0":{"start":{"line":2,"column":16},"end":{"line":10,"column":1}},"1":{"start":{"line":3,"column":28},"end":{"line":3,"column":110}},"2":{"start":{"line":3,"column":91},"end":{"line":3,"column":106}},"3":{"start":{"line":4,"column":4},"end":{"line":9,"column":7}},"4":{"start":{"line":5,"column":36},"end":{"line":5,"column":97}},"5":{"start":{"line":5,"column":42},"end":{"line":5,"column":70}},"6":{"start":{"line":5,"column":85},"end":{"line":5,"column":95}},"7":{"start":{"line":6,"column":35},"end":{"line":6,"column":100}},"8":{"start":{"line":6,"column":41},"end":{"line":6,"column":73}},"9":{"start":{"line":6,"column":88},"end":{"line":6,"column":98}},"10":{"start":{"line":7,"column":32},"end":{"line":7,"column":116}},"11":{"start":{"line":8,"column":8},"end":{"line":8,"column":78}},"12":{"start":{"line":11,"column":18},"end":{"line":37,"column":1}},"13":{"start":{"line":12,"column":12},"end":{"line":12,"column":104}},"14":{"start":{"line":12,"column":43},"end":{"line":12,"column":68}},"15":{"start":{"line":12,"column":57},"end":{"line":12,"column":68}},"16":{"start":{"line":12,"column":69},"end":{"line":12,"column":81}},"17":{"start":{"line":13,"column":4},"end":{"line":13,"column":157}},"18":{"start":{"line":13,"column":138},"end":{"line":13,"column":150}},"19":{"start":{"line":14,"column":23},"end":{"line":14,"column":68}},"20":{"start":{"line":14,"column":45},"end":{"line":14,"column":65}},"21":{"start":{"line":16,"column":8},"end":{"line":16,"column":70}},"22":{"start":{"line":16,"column":15},"end":{"line":16,"column":70}},"23":{"start":{"line":17,"column":8},"end":{"line":34,"column":66}},"24":{"start":{"line":17,"column":18},"end":{"line":34,"column":66}},"25":{"start":{"line":18,"column":12},"end":{"line":18,"column":169}},"26":{"start":{"line":18,"column":160},"end":{"line":18,"column":169}},"27":{"start":{"line":19,"column":12},"end":{"line":19,"column":52}},"28":{"start":{"line":19,"column":26},"end":{"line":19,"column":52}},"29":{"start":{"line":20,"column":12},"end":{"line":32,"column":13}},"30":{"start":{"line":21,"column":32},"end":{"line":21,"column":39}},"31":{"start":{"line":21,"column":40},"end":{"line":21,"column":46}},"32":{"start":{"line":22,"column":24},"end":{"line":22,"column":34}},"33":{"start":{"line":22,"column":35},"end":{"line":22,"column":72}},"34":{"start":{"line":23,"column":24},"end":{"line":23,"column":34}},"35":{"start":{"line":23,"column":35},"end":{"line":23,"column":45}},"36":{"start":{"line":23,"column":46},"end":{"line":23,"column":55}},"37":{"start":{"line":23,"column":56},"end":{"line":23,"column":65}},"38":{"start":{"line":24,"column":24},"end":{"line":24,"column":41}},"39":{"start":{"line":24,"column":42},"end":{"line":24,"column":55}},"40":{"start":{"line":24,"column":56},"end":{"line":24,"column":65}},"41":{"start":{"line":26,"column":20},"end":{"line":26,"column":128}},"42":{"start":{"line":26,"column":110},"end":{"line":26,"column":116}},"43":{"start":{"line":26,"column":117},"end":{"line":26,"column":126}},"44":{"start":{"line":27,"column":20},"end":{"line":27,"column":106}},"45":{"start":{"line":27,"column":81},"end":{"line":27,"column":97}},"46":{"start":{"line":27,"column":98},"end":{"line":27,"column":104}},"47":{"start":{"line":28,"column":20},"end":{"line":28,"column":89}},"48":{"start":{"line":28,"column":57},"end":{"line":28,"column":72}},"49":{"start":{"line":28,"column":73},"end":{"line":28,"column":80}},"50":{"start":{"line":28,"column":81},"end":{"line":28,"column":87}},"51":{"start":{"line":29,"column":20},"end":{"line":29,"column":87}},"52":{"start":{"line":29,"column":47},"end":{"line":29,"column":62}},"53":{"start":{"line":29,"column":63},"end":{"line":29,"column":78}},"54":{"start":{"line":29,"column":79},"end":{"line":29,"column":85}},"55":{"start":{"line":30,"column":20},"end":{"line":30,"column":42}},"56":{"start":{"line":30,"column":30},"end":{"line":30,"column":42}},"57":{"start":{"line":31,"column":20},"end":{"line":31,"column":33}},"58":{"start":{"line":31,"column":34},"end":{"line":31,"column":43}},"59":{"start":{"line":33,"column":12},"end":{"line":33,"column":39}},"60":{"start":{"line":34,"column":22},"end":{"line":34,"column":34}},"61":{"start":{"line":34,"column":35},"end":{"line":34,"column":41}},"62":{"start":{"line":34,"column":54},"end":{"line":34,"column":64}},"63":{"start":{"line":35,"column":8},"end":{"line":35,"column":35}},"64":{"start":{"line":35,"column":23},"end":{"line":35,"column":35}},"65":{"start":{"line":35,"column":36},"end":{"line":35,"column":89}},"66":{"start":{"line":38,"column":0},"end":{"line":38,"column":62}},"67":{"start":{"line":39,"column":0},"end":{"line":39,"column":128}},"68":{"start":{"line":43,"column":14},"end":{"line":43,"column":32}},"69":{"start":{"line":44,"column":18},"end":{"line":44,"column":40}},"70":{"start":{"line":45,"column":9},"end":{"line":45,"column":43}},"71":{"start":{"line":47,"column":4},"end":{"line":71,"column":7}},"72":{"start":{"line":49,"column":8},"end":{"line":70,"column":11}},"73":{"start":{"line":50,"column":12},"end":{"line":69,"column":13}},"74":{"start":{"line":52,"column":20},"end":{"line":52,"column":101}},"75":{"start":{"line":53,"column":20},"end":{"line":53,"column":64}},"76":{"start":{"line":55,"column":20},"end":{"line":55,"column":50}},"77":{"start":{"line":56,"column":20},"end":{"line":56,"column":88}},"78":{"start":{"line":58,"column":20},"end":{"line":58,"column":46}},"79":{"start":{"line":59,"column":20},"end":{"line":59,"column":89}},"80":{"start":{"line":61,"column":20},"end":{"line":61,"column":87}},"81":{"start":{"line":62,"column":20},"end":{"line":62,"column":63}},"82":{"start":{"line":63,"column":20},"end":{"line":63,"column":69}},"83":{"start":{"line":64,"column":20},"end":{"line":64,"column":109}},"84":{"start":{"line":66,"column":20},"end":{"line":66,"column":47}},"85":{"start":{"line":67,"column":20},"end":{"line":67,"column":68}},"86":{"start":{"line":68,"column":20},"end":{"line":68,"column":60}},"87":{"start":{"line":73,"column":0},"end":{"line":73,"column":54}},"88":{"start":{"line":75,"column":4},"end":{"line":75,"column":52}},"89":{"start":{"line":77,"column":0},"end":{"line":77,"column":32}},"90":{"start":{"line":79,"column":4},"end":{"line":79,"column":55}},"91":{"start":{"line":81,"column":0},"end":{"line":81,"column":36}},"92":{"start":{"line":83,"column":19},"end":{"line":83,"column":44}},"93":{"start":{"line":84,"column":18},"end":{"line":84,"column":40}},"94":{"start":{"line":85,"column":25},"end":{"line":85,"column":59}},"95":{"start":{"line":86,"column":4},"end":{"line":86,"column":44}},"96":{"start":{"line":88,"column":0},"end":{"line":88,"column":48}},"97":{"start":{"line":90,"column":4},"end":{"line":90,"column":43}},"98":{"start":{"line":90,"column":29},"end":{"line":90,"column":41}},"99":{"start":{"line":91,"column":14},"end":{"line":91,"column":33}},"100":{"start":{"line":92,"column":4},"end":{"line":92,"column":48}},"101":{"start":{"line":94,"column":0},"end":{"line":94,"column":22}},"102":{"start":{"line":96,"column":21},"end":{"line":96,"column":58}},"103":{"start":{"line":97,"column":13},"end":{"line":97,"column":42}},"104":{"start":{"line":98,"column":24},"end":{"line":98,"column":47}},"105":{"start":{"line":99,"column":19},"end":{"line":107,"column":5}},"106":{"start":{"line":108,"column":4},"end":{"line":108,"column":20}},"107":{"start":{"line":111,"column":16},"end":{"line":111,"column":51}},"108":{"start":{"line":112,"column":4},"end":{"line":112,"column":53}},"109":{"start":{"line":116,"column":4},"end":{"line":135,"column":5}},"110":{"start":{"line":117,"column":8},"end":{"line":117,"column":25}},"111":{"start":{"line":119,"column":9},"end":{"line":135,"column":5}},"112":{"start":{"line":120,"column":8},"end":{"line":120,"column":25}},"113":{"start":{"line":122,"column":9},"end":{"line":135,"column":5}},"114":{"start":{"line":123,"column":8},"end":{"line":123,"column":41}},"115":{"start":{"line":125,"column":9},"end":{"line":135,"column":5}},"116":{"start":{"line":126,"column":20},"end":{"line":126,"column":22}},"117":{"start":{"line":127,"column":19},"end":{"line":127,"column":33}},"118":{"start":{"line":128,"column":8},"end":{"line":130,"column":11}},"119":{"start":{"line":129,"column":12},"end":{"line":129,"column":48}},"120":{"start":{"line":131,"column":8},"end":{"line":131,"column":21}},"121":{"start":{"line":134,"column":8},"end":{"line":134,"column":17}},"122":{"start":{"line":138,"column":14},"end":{"line":138,"column":29}},"123":{"start":{"line":139,"column":17},"end":{"line":139,"column":85}},"124":{"start":{"line":140,"column":4},"end":{"line":140,"column":21}},"125":{"start":{"line":141,"column":4},"end":{"line":141,"column":18}}},"fnMap":{"0":{"name":"(anonymous_0)","decl":{"start":{"line":2,"column":44},"end":{"line":2,"column":45}},"loc":{"start":{"line":2,"column":89},"end":{"line":10,"column":1}},"line":2},"1":{"name":"adopt","decl":{"start":{"line":3,"column":13},"end":{"line":3,"column":18}},"loc":{"start":{"line":3,"column":26},"end":{"line":3,"column":112}},"line":3},"2":{"name":"(anonymous_2)","decl":{"start":{"line":3,"column":70},"end":{"line":3,"column":71}},"loc":{"start":{"line":3,"column":89},"end":{"line":3,"column":108}},"line":3},"3":{"name":"(anonymous_3)","decl":{"start":{"line":4,"column":36},"end":{"line":4,"column":37}},"loc":{"start":{"line":4,"column":63},"end":{"line":9,"column":5}},"line":4},"4":{"name":"fulfilled","decl":{"start":{"line":5,"column":17},"end":{"line":5,"column":26}},"loc":{"start":{"line":5,"column":34},"end":{"line":5,"column":99}},"line":5},"5":{"name":"rejected","decl":{"start":{"line":6,"column":17},"end":{"line":6,"column":25}},"loc":{"start":{"line":6,"column":33},"end":{"line":6,"column":102}},"line":6},"6":{"name":"step","decl":{"start":{"line":7,"column":17},"end":{"line":7,"column":21}},"loc":{"start":{"line":7,"column":30},"end":{"line":7,"column":118}},"line":7},"7":{"name":"(anonymous_7)","decl":{"start":{"line":11,"column":48},"end":{"line":11,"column":49}},"loc":{"start":{"line":11,"column":73},"end":{"line":37,"column":1}},"line":11},"8":{"name":"(anonymous_8)","decl":{"start":{"line":12,"column":30},"end":{"line":12,"column":31}},"loc":{"start":{"line":12,"column":41},"end":{"line":12,"column":83}},"line":12},"9":{"name":"(anonymous_9)","decl":{"start":{"line":13,"column":125},"end":{"line":13,"column":126}},"loc":{"start":{"line":13,"column":136},"end":{"line":13,"column":152}},"line":13},"10":{"name":"verb","decl":{"start":{"line":14,"column":13},"end":{"line":14,"column":17}},"loc":{"start":{"line":14,"column":21},"end":{"line":14,"column":70}},"line":14},"11":{"name":"(anonymous_11)","decl":{"start":{"line":14,"column":30},"end":{"line":14,"column":31}},"loc":{"start":{"line":14,"column":43},"end":{"line":14,"column":67}},"line":14},"12":{"name":"step","decl":{"start":{"line":15,"column":13},"end":{"line":15,"column":17}},"loc":{"start":{"line":15,"column":22},"end":{"line":36,"column":5}},"line":15},"13":{"name":"generateProofCallData","decl":{"start":{"line":46,"column":9},"end":{"line":46,"column":30}},"loc":{"start":{"line":46,"column":101},"end":{"line":72,"column":1}},"line":46},"14":{"name":"(anonymous_14)","decl":{"start":{"line":47,"column":43},"end":{"line":47,"column":44}},"loc":{"start":{"line":47,"column":55},"end":{"line":71,"column":5}},"line":47},"15":{"name":"(anonymous_15)","decl":{"start":{"line":49,"column":33},"end":{"line":49,"column":34}},"loc":{"start":{"line":49,"column":47},"end":{"line":70,"column":9}},"line":49},"16":{"name":"mimcSponge","decl":{"start":{"line":74,"column":9},"end":{"line":74,"column":19}},"loc":{"start":{"line":74,"column":26},"end":{"line":76,"column":1}},"line":74},"17":{"name":"pedersenHash","decl":{"start":{"line":78,"column":9},"end":{"line":78,"column":21}},"loc":{"start":{"line":78,"column":33},"end":{"line":80,"column":1}},"line":78},"18":{"name":"pedersenHashConcat","decl":{"start":{"line":82,"column":9},"end":{"line":82,"column":27}},"loc":{"start":{"line":82,"column":47},"end":{"line":87,"column":1}},"line":82},"19":{"name":"toHex","decl":{"start":{"line":89,"column":9},"end":{"line":89,"column":14}},"loc":{"start":{"line":89,"column":31},"end":{"line":93,"column":1}},"line":89},"20":{"name":"generateCircuitInputJson","decl":{"start":{"line":95,"column":9},"end":{"line":95,"column":33}},"loc":{"start":{"line":95,"column":71},"end":{"line":109,"column":1}},"line":95},"21":{"name":"pedersenHashBuff","decl":{"start":{"line":110,"column":9},"end":{"line":110,"column":25}},"loc":{"start":{"line":110,"column":32},"end":{"line":113,"column":1}},"line":110},"22":{"name":"unstringifyBigInts","decl":{"start":{"line":115,"column":9},"end":{"line":115,"column":27}},"loc":{"start":{"line":115,"column":31},"end":{"line":136,"column":1}},"line":115},"23":{"name":"(anonymous_23)","decl":{"start":{"line":128,"column":21},"end":{"line":128,"column":22}},"loc":{"start":{"line":128,"column":34},"end":{"line":130,"column":9}},"line":128},"24":{"name":"toBufferLE","decl":{"start":{"line":137,"column":9},"end":{"line":137,"column":19}},"loc":{"start":{"line":137,"column":31},"end":{"line":142,"column":1}},"line":137}},"branchMap":{"0":{"loc":{"start":{"line":2,"column":16},"end":{"line":10,"column":1}},"type":"binary-expr","locations":[{"start":{"line":2,"column":17},"end":{"line":2,"column":21}},{"start":{"line":2,"column":25},"end":{"line":2,"column":39}},{"start":{"line":2,"column":44},"end":{"line":10,"column":1}}],"line":2},"1":{"loc":{"start":{"line":3,"column":35},"end":{"line":3,"column":109}},"type":"cond-expr","locations":[{"start":{"line":3,"column":56},"end":{"line":3,"column":61}},{"start":{"line":3,"column":64},"end":{"line":3,"column":109}}],"line":3},"2":{"loc":{"start":{"line":4,"column":16},"end":{"line":4,"column":34}},"type":"binary-expr","locations":[{"start":{"line":4,"column":16},"end":{"line":4,"column":17}},{"start":{"line":4,"column":22},"end":{"line":4,"column":33}}],"line":4},"3":{"loc":{"start":{"line":7,"column":32},"end":{"line":7,"column":115}},"type":"cond-expr","locations":[{"start":{"line":7,"column":46},"end":{"line":7,"column":67}},{"start":{"line":7,"column":70},"end":{"line":7,"column":115}}],"line":7},"4":{"loc":{"start":{"line":8,"column":51},"end":{"line":8,"column":67}},"type":"binary-expr","locations":[{"start":{"line":8,"column":51},"end":{"line":8,"column":61}},{"start":{"line":8,"column":65},"end":{"line":8,"column":67}}],"line":8},"5":{"loc":{"start":{"line":11,"column":18},"end":{"line":37,"column":1}},"type":"binary-expr","locations":[{"start":{"line":11,"column":19},"end":{"line":11,"column":23}},{"start":{"line":11,"column":27},"end":{"line":11,"column":43}},{"start":{"line":11,"column":48},"end":{"line":37,"column":1}}],"line":11},"6":{"loc":{"start":{"line":12,"column":43},"end":{"line":12,"column":68}},"type":"if","locations":[{"start":{"line":12,"column":43},"end":{"line":12,"column":68}},{"start":{},"end":{}}],"line":12},"7":{"loc":{"start":{"line":13,"column":71},"end":{"line":13,"column":153}},"type":"binary-expr","locations":[{"start":{"line":13,"column":71},"end":{"line":13,"column":99}},{"start":{"line":13,"column":104},"end":{"line":13,"column":152}}],"line":13},"8":{"loc":{"start":{"line":16,"column":8},"end":{"line":16,"column":70}},"type":"if","locations":[{"start":{"line":16,"column":8},"end":{"line":16,"column":70}},{"start":{},"end":{}}],"line":16},"9":{"loc":{"start":{"line":18,"column":12},"end":{"line":18,"column":169}},"type":"if","locations":[{"start":{"line":18,"column":12},"end":{"line":18,"column":169}},{"start":{},"end":{}}],"line":18},"10":{"loc":{"start":{"line":18,"column":23},"end":{"line":18,"column":158}},"type":"binary-expr","locations":[{"start":{"line":18,"column":23},"end":{"line":18,"column":24}},{"start":{"line":18,"column":29},"end":{"line":18,"column":125}},{"start":{"line":18,"column":130},"end":{"line":18,"column":158}}],"line":18},"11":{"loc":{"start":{"line":18,"column":33},"end":{"line":18,"column":125}},"type":"cond-expr","locations":[{"start":{"line":18,"column":45},"end":{"line":18,"column":56}},{"start":{"line":18,"column":59},"end":{"line":18,"column":125}}],"line":18},"12":{"loc":{"start":{"line":18,"column":59},"end":{"line":18,"column":125}},"type":"cond-expr","locations":[{"start":{"line":18,"column":67},"end":{"line":18,"column":116}},{"start":{"line":18,"column":119},"end":{"line":18,"column":125}}],"line":18},"13":{"loc":{"start":{"line":18,"column":67},"end":{"line":18,"column":116}},"type":"binary-expr","locations":[{"start":{"line":18,"column":67},"end":{"line":18,"column":77}},{"start":{"line":18,"column":82},"end":{"line":18,"column":115}}],"line":18},"14":{"loc":{"start":{"line":18,"column":82},"end":{"line":18,"column":112}},"type":"binary-expr","locations":[{"start":{"line":18,"column":83},"end":{"line":18,"column":98}},{"start":{"line":18,"column":103},"end":{"line":18,"column":112}}],"line":18},"15":{"loc":{"start":{"line":19,"column":12},"end":{"line":19,"column":52}},"type":"if","locations":[{"start":{"line":19,"column":12},"end":{"line":19,"column":52}},{"start":{},"end":{}}],"line":19},"16":{"loc":{"start":{"line":20,"column":12},"end":{"line":32,"column":13}},"type":"switch","locations":[{"start":{"line":21,"column":16},"end":{"line":21,"column":23}},{"start":{"line":21,"column":24},"end":{"line":21,"column":46}},{"start":{"line":22,"column":16},"end":{"line":22,"column":72}},{"start":{"line":23,"column":16},"end":{"line":23,"column":65}},{"start":{"line":24,"column":16},"end":{"line":24,"column":65}},{"start":{"line":25,"column":16},"end":{"line":31,"column":43}}],"line":20},"17":{"loc":{"start":{"line":26,"column":20},"end":{"line":26,"column":128}},"type":"if","locations":[{"start":{"line":26,"column":20},"end":{"line":26,"column":128}},{"start":{},"end":{}}],"line":26},"18":{"loc":{"start":{"line":26,"column":24},"end":{"line":26,"column":106}},"type":"binary-expr","locations":[{"start":{"line":26,"column":24},"end":{"line":26,"column":74}},{"start":{"line":26,"column":79},"end":{"line":26,"column":90}},{"start":{"line":26,"column":94},"end":{"line":26,"column":105}}],"line":26},"19":{"loc":{"start":{"line":26,"column":42},"end":{"line":26,"column":73}},"type":"binary-expr","locations":[{"start":{"line":26,"column":42},"end":{"line":26,"column":54}},{"start":{"line":26,"column":58},"end":{"line":26,"column":73}}],"line":26},"20":{"loc":{"start":{"line":27,"column":20},"end":{"line":27,"column":106}},"type":"if","locations":[{"start":{"line":27,"column":20},"end":{"line":27,"column":106}},{"start":{},"end":{}}],"line":27},"21":{"loc":{"start":{"line":27,"column":24},"end":{"line":27,"column":77}},"type":"binary-expr","locations":[{"start":{"line":27,"column":24},"end":{"line":27,"column":35}},{"start":{"line":27,"column":40},"end":{"line":27,"column":42}},{"start":{"line":27,"column":47},"end":{"line":27,"column":59}},{"start":{"line":27,"column":63},"end":{"line":27,"column":75}}],"line":27},"22":{"loc":{"start":{"line":28,"column":20},"end":{"line":28,"column":89}},"type":"if","locations":[{"start":{"line":28,"column":20},"end":{"line":28,"column":89}},{"start":{},"end":{}}],"line":28},"23":{"loc":{"start":{"line":28,"column":24},"end":{"line":28,"column":53}},"type":"binary-expr","locations":[{"start":{"line":28,"column":24},"end":{"line":28,"column":35}},{"start":{"line":28,"column":39},"end":{"line":28,"column":53}}],"line":28},"24":{"loc":{"start":{"line":29,"column":20},"end":{"line":29,"column":87}},"type":"if","locations":[{"start":{"line":29,"column":20},"end":{"line":29,"column":87}},{"start":{},"end":{}}],"line":29},"25":{"loc":{"start":{"line":29,"column":24},"end":{"line":29,"column":43}},"type":"binary-expr","locations":[{"start":{"line":29,"column":24},"end":{"line":29,"column":25}},{"start":{"line":29,"column":29},"end":{"line":29,"column":43}}],"line":29},"26":{"loc":{"start":{"line":30,"column":20},"end":{"line":30,"column":42}},"type":"if","locations":[{"start":{"line":30,"column":20},"end":{"line":30,"column":42}},{"start":{},"end":{}}],"line":30},"27":{"loc":{"start":{"line":35,"column":8},"end":{"line":35,"column":35}},"type":"if","locations":[{"start":{"line":35,"column":8},"end":{"line":35,"column":35}},{"start":{},"end":{}}],"line":35},"28":{"loc":{"start":{"line":35,"column":52},"end":{"line":35,"column":74}},"type":"cond-expr","locations":[{"start":{"line":35,"column":60},"end":{"line":35,"column":65}},{"start":{"line":35,"column":68},"end":{"line":35,"column":74}}],"line":35},"29":{"loc":{"start":{"line":50,"column":12},"end":{"line":69,"column":13}},"type":"switch","locations":[{"start":{"line":51,"column":16},"end":{"line":53,"column":64}},{"start":{"line":54,"column":16},"end":{"line":56,"column":88}},{"start":{"line":57,"column":16},"end":{"line":59,"column":89}},{"start":{"line":60,"column":16},"end":{"line":64,"column":109}},{"start":{"line":65,"column":16},"end":{"line":68,"column":60}}],"line":50},"30":{"loc":{"start":{"line":90,"column":4},"end":{"line":90,"column":43}},"type":"if","locations":[{"start":{"line":90,"column":4},"end":{"line":90,"column":43}},{"start":{},"end":{}}],"line":90},"31":{"loc":{"start":{"line":116,"column":4},"end":{"line":135,"column":5}},"type":"if","locations":[{"start":{"line":116,"column":4},"end":{"line":135,"column":5}},{"start":{"line":119,"column":9},"end":{"line":135,"column":5}}],"line":116},"32":{"loc":{"start":{"line":116,"column":8},"end":{"line":116,"column":56}},"type":"binary-expr","locations":[{"start":{"line":116,"column":9},"end":{"line":116,"column":31}},{"start":{"line":116,"column":37},"end":{"line":116,"column":55}}],"line":116},"33":{"loc":{"start":{"line":119,"column":9},"end":{"line":135,"column":5}},"type":"if","locations":[{"start":{"line":119,"column":9},"end":{"line":135,"column":5}},{"start":{"line":122,"column":9},"end":{"line":135,"column":5}}],"line":119},"34":{"loc":{"start":{"line":119,"column":13},"end":{"line":119,"column":69}},"type":"binary-expr","locations":[{"start":{"line":119,"column":14},"end":{"line":119,"column":36}},{"start":{"line":119,"column":42},"end":{"line":119,"column":68}}],"line":119},"35":{"loc":{"start":{"line":122,"column":9},"end":{"line":135,"column":5}},"type":"if","locations":[{"start":{"line":122,"column":9},"end":{"line":135,"column":5}},{"start":{"line":125,"column":9},"end":{"line":135,"column":5}}],"line":122},"36":{"loc":{"start":{"line":125,"column":9},"end":{"line":135,"column":5}},"type":"if","locations":[{"start":{"line":125,"column":9},"end":{"line":135,"column":5}},{"start":{"line":133,"column":9},"end":{"line":135,"column":5}}],"line":125}},"s":{"0":2,"1":4,"2":0,"3":1,"4":4,"5":4,"6":0,"7":0,"8":0,"9":0,"10":5,"11":1,"12":2,"13":1,"14":4,"15":0,"16":4,"17":1,"18":0,"19":3,"20":5,"21":5,"22":0,"23":5,"24":10,"25":10,"26":0,"27":10,"28":0,"29":10,"30":5,"31":5,"32":4,"33":4,"34":0,"35":0,"36":0,"37":0,"38":0,"39":0,"40":0,"41":1,"42":1,"43":1,"44":0,"45":0,"46":0,"47":0,"48":0,"49":0,"50":0,"51":0,"52":0,"53":0,"54":0,"55":0,"56":0,"57":0,"58":0,"59":5,"60":0,"61":0,"62":10,"63":1,"64":0,"65":1,"66":2,"67":2,"68":2,"69":2,"70":2,"71":1,"72":1,"73":5,"74":1,"75":1,"76":1,"77":1,"78":1,"79":1,"80":1,"81":1,"82":1,"83":1,"84":1,"85":1,"86":1,"87":2,"88":218,"89":2,"90":2,"91":2,"92":66,"93":66,"94":66,"95":66,"96":2,"97":262,"98":262,"99":262,"100":262,"101":2,"102":1,"103":1,"104":1,"105":1,"106":1,"107":68,"108":68,"109":50,"110":37,"111":13,"112":0,"113":13,"114":10,"115":3,"116":1,"117":1,"118":1,"119":18,"120":1,"121":2,"122":134,"123":134,"124":134,"125":134},"f":{"0":1,"1":4,"2":0,"3":1,"4":4,"5":0,"6":5,"7":1,"8":4,"9":0,"10":3,"11":5,"12":5,"13":1,"14":1,"15":5,"16":218,"17":2,"18":66,"19":262,"20":1,"21":68,"22":50,"23":18,"24":134},"b":{"0":[2,2,2],"1":[4,0],"2":[1,1],"3":[1,4],"4":[1,1],"5":[2,2,2],"6":[0,4],"7":[1,1],"8":[0,5],"9":[0,10],"10":[10,0,0],"11":[0,0],"12":[0,0],"13":[0,0],"14":[0,0],"15":[0,10],"16":[5,5,4,0,0,1],"17":[1,0],"18":[1,1,1],"19":[1,0],"20":[0,0],"21":[0,0,0,0],"22":[0,0],"23":[0,0],"24":[0,0],"25":[0,0],"26":[0,0],"27":[0,1],"28":[1,0],"29":[1,1,1,1,1],"30":[262,0],"31":[37,13],"32":[50,39],"33":[0,13],"34":[13,2],"35":[10,3],"36":[1,2]},"inputSourceMap":null,"_coverageSchema":"1a1c01bbd47fc00a2c39e90264f33305004495a9","hash":"63d9ea54a56905e4ae587238f27abedb4296f7a1"}
,"/Users/kiliankaslin/Downloads/Zeko/zkp-merkle-airdrop-lib/lib/MerkleTree.js": {"path":"/Users/kiliankaslin/Downloads/Zeko/zkp-merkle-airdrop-lib/lib/MerkleTree.js","statementMap":{"0":{"start":{"line":2,"column":0},"end":{"line":2,"column":62}},"1":{"start":{"line":3,"column":0},"end":{"line":3,"column":47}},"2":{"start":{"line":4,"column":16},"end":{"line":4,"column":36}},"3":{"start":{"line":6,"column":32},"end":{"line":145,"column":3}},"4":{"start":{"line":8,"column":8},"end":{"line":8,"column":31}},"5":{"start":{"line":9,"column":8},"end":{"line":9,"column":35}},"6":{"start":{"line":15,"column":4},"end":{"line":19,"column":6}},"7":{"start":{"line":16,"column":24},"end":{"line":16,"column":82}},"8":{"start":{"line":16,"column":53},"end":{"line":16,"column":79}},"9":{"start":{"line":17,"column":23},"end":{"line":17,"column":75}},"10":{"start":{"line":18,"column":8},"end":{"line":18,"column":51}},"11":{"start":{"line":20,"column":4},"end":{"line":34,"column":6}},"12":{"start":{"line":21,"column":8},"end":{"line":22,"column":31}},"13":{"start":{"line":22,"column":12},"end":{"line":22,"column":31}},"14":{"start":{"line":23,"column":22},"end":{"line":23,"column":24}},"15":{"start":{"line":24,"column":8},"end":{"line":32,"column":9}},"16":{"start":{"line":24,"column":21},"end":{"line":24,"column":22}},"17":{"start":{"line":25,"column":20},"end":{"line":25,"column":34}},"18":{"start":{"line":26,"column":20},"end":{"line":26,"column":38}},"19":{"start":{"line":27,"column":23},"end":{"line":27,"column":62}},"20":{"start":{"line":28,"column":27},"end":{"line":28,"column":51}},"21":{"start":{"line":29,"column":12},"end":{"line":29,"column":35}},"22":{"start":{"line":30,"column":12},"end":{"line":30,"column":32}},"23":{"start":{"line":31,"column":12},"end":{"line":31,"column":32}},"24":{"start":{"line":33,"column":8},"end":{"line":33,"column":57}},"25":{"start":{"line":46,"column":4},"end":{"line":64,"column":6}},"26":{"start":{"line":47,"column":20},"end":{"line":47,"column":34}},"27":{"start":{"line":48,"column":23},"end":{"line":48,"column":53}},"28":{"start":{"line":49,"column":22},"end":{"line":49,"column":32}},"29":{"start":{"line":50,"column":8},"end":{"line":62,"column":9}},"30":{"start":{"line":50,"column":29},"end":{"line":50,"column":30}},"31":{"start":{"line":51,"column":23},"end":{"line":51,"column":50}},"32":{"start":{"line":52,"column":12},"end":{"line":53,"column":54}},"33":{"start":{"line":53,"column":16},"end":{"line":53,"column":54}},"34":{"start":{"line":54,"column":12},"end":{"line":60,"column":13}},"35":{"start":{"line":54,"column":32},"end":{"line":54,"column":33}},"36":{"start":{"line":55,"column":31},"end":{"line":55,"column":48}},"37":{"start":{"line":56,"column":29},"end":{"line":56,"column":101}},"38":{"start":{"line":57,"column":29},"end":{"line":57,"column":105}},"39":{"start":{"line":58,"column":16},"end":{"line":58,"column":41}},"40":{"start":{"line":59,"column":16},"end":{"line":59,"column":41}},"41":{"start":{"line":61,"column":12},"end":{"line":61,"column":54}},"42":{"start":{"line":63,"column":8},"end":{"line":63,"column":49}},"43":{"start":{"line":68,"column":4},"end":{"line":89,"column":6}},"44":{"start":{"line":69,"column":19},"end":{"line":69,"column":49}},"45":{"start":{"line":70,"column":26},"end":{"line":73,"column":9}},"46":{"start":{"line":74,"column":8},"end":{"line":87,"column":9}},"47":{"start":{"line":75,"column":12},"end":{"line":85,"column":13}},"48":{"start":{"line":76,"column":16},"end":{"line":76,"column":62}},"49":{"start":{"line":77,"column":16},"end":{"line":77,"column":44}},"50":{"start":{"line":79,"column":17},"end":{"line":85,"column":13}},"51":{"start":{"line":80,"column":16},"end":{"line":80,"column":62}},"52":{"start":{"line":81,"column":16},"end":{"line":81,"column":44}},"53":{"start":{"line":84,"column":16},"end":{"line":84,"column":65}},"54":{"start":{"line":86,"column":12},"end":{"line":86,"column":31}},"55":{"start":{"line":88,"column":8},"end":{"line":88,"column":27}},"56":{"start":{"line":99,"column":4},"end":{"line":113,"column":6}},"57":{"start":{"line":100,"column":21},"end":{"line":100,"column":23}},"58":{"start":{"line":101,"column":22},"end":{"line":101,"column":33}},"59":{"start":{"line":102,"column":8},"end":{"line":111,"column":9}},"60":{"start":{"line":103,"column":12},"end":{"line":107,"column":13}},"61":{"start":{"line":103,"column":25},"end":{"line":103,"column":26}},"62":{"start":{"line":104,"column":16},"end":{"line":104,"column":63}},"63":{"start":{"line":105,"column":16},"end":{"line":106,"column":34}},"64":{"start":{"line":106,"column":20},"end":{"line":106,"column":34}},"65":{"start":{"line":108,"column":12},"end":{"line":108,"column":54}},"66":{"start":{"line":109,"column":12},"end":{"line":110,"column":31}},"67":{"start":{"line":110,"column":16},"end":{"line":110,"column":31}},"68":{"start":{"line":112,"column":8},"end":{"line":112,"column":22}},"69":{"start":{"line":114,"column":4},"end":{"line":116,"column":6}},"70":{"start":{"line":115,"column":8},"end":{"line":115,"column":94}},"71":{"start":{"line":115,"column":50},"end":{"line":115,"column":76}},"72":{"start":{"line":126,"column":4},"end":{"line":136,"column":6}},"73":{"start":{"line":127,"column":23},"end":{"line":127,"column":25}},"74":{"start":{"line":128,"column":8},"end":{"line":134,"column":9}},"75":{"start":{"line":128,"column":22},"end":{"line":128,"column":23}},"76":{"start":{"line":128,"column":41},"end":{"line":128,"column":52}},"77":{"start":{"line":129,"column":27},"end":{"line":129,"column":44}},"78":{"start":{"line":130,"column":12},"end":{"line":133,"column":13}},"79":{"start":{"line":131,"column":16},"end":{"line":131,"column":47}},"80":{"start":{"line":132,"column":16},"end":{"line":132,"column":47}},"81":{"start":{"line":135,"column":8},"end":{"line":135,"column":24}},"82":{"start":{"line":137,"column":4},"end":{"line":143,"column":6}},"83":{"start":{"line":138,"column":27},"end":{"line":138,"column":92}},"84":{"start":{"line":138,"column":62},"end":{"line":138,"column":89}},"85":{"start":{"line":139,"column":8},"end":{"line":141,"column":9}},"86":{"start":{"line":140,"column":12},"end":{"line":140,"column":52}},"87":{"start":{"line":142,"column":8},"end":{"line":142,"column":28}},"88":{"start":{"line":144,"column":4},"end":{"line":144,"column":22}},"89":{"start":{"line":146,"column":0},"end":{"line":146,"column":32}},"90":{"start":{"line":147,"column":30},"end":{"line":155,"column":3}},"91":{"start":{"line":149,"column":8},"end":{"line":149,"column":23}},"92":{"start":{"line":150,"column":8},"end":{"line":150,"column":29}},"93":{"start":{"line":151,"column":8},"end":{"line":151,"column":29}},"94":{"start":{"line":152,"column":8},"end":{"line":152,"column":29}},"95":{"start":{"line":154,"column":4},"end":{"line":154,"column":20}},"96":{"start":{"line":156,"column":0},"end":{"line":156,"column":28}}},"fnMap":{"0":{"name":"(anonymous_0)","decl":{"start":{"line":6,"column":32},"end":{"line":6,"column":33}},"loc":{"start":{"line":6,"column":44},"end":{"line":145,"column":1}},"line":6},"1":{"name":"MerkleTree","decl":{"start":{"line":7,"column":13},"end":{"line":7,"column":23}},"loc":{"start":{"line":7,"column":50},"end":{"line":10,"column":5}},"line":7},"2":{"name":"(anonymous_2)","decl":{"start":{"line":15,"column":34},"end":{"line":15,"column":35}},"loc":{"start":{"line":15,"column":52},"end":{"line":19,"column":5}},"line":15},"3":{"name":"(anonymous_3)","decl":{"start":{"line":16,"column":35},"end":{"line":16,"column":36}},"loc":{"start":{"line":16,"column":51},"end":{"line":16,"column":81}},"line":16},"4":{"name":"(anonymous_4)","decl":{"start":{"line":20,"column":45},"end":{"line":20,"column":46}},"loc":{"start":{"line":20,"column":68},"end":{"line":34,"column":5}},"line":20},"5":{"name":"(anonymous_5)","decl":{"start":{"line":46,"column":41},"end":{"line":46,"column":42}},"loc":{"start":{"line":46,"column":55},"end":{"line":64,"column":5}},"line":46},"6":{"name":"(anonymous_6)","decl":{"start":{"line":68,"column":42},"end":{"line":68,"column":43}},"loc":{"start":{"line":68,"column":61},"end":{"line":89,"column":5}},"line":68},"7":{"name":"(anonymous_7)","decl":{"start":{"line":99,"column":44},"end":{"line":99,"column":45}},"loc":{"start":{"line":99,"column":56},"end":{"line":113,"column":5}},"line":99},"8":{"name":"(anonymous_8)","decl":{"start":{"line":114,"column":38},"end":{"line":114,"column":39}},"loc":{"start":{"line":114,"column":56},"end":{"line":116,"column":5}},"line":114},"9":{"name":"(anonymous_9)","decl":{"start":{"line":115,"column":32},"end":{"line":115,"column":33}},"loc":{"start":{"line":115,"column":48},"end":{"line":115,"column":78}},"line":115},"10":{"name":"(anonymous_10)","decl":{"start":{"line":126,"column":29},"end":{"line":126,"column":30}},"loc":{"start":{"line":126,"column":52},"end":{"line":136,"column":5}},"line":126},"11":{"name":"(anonymous_11)","decl":{"start":{"line":137,"column":44},"end":{"line":137,"column":45}},"loc":{"start":{"line":137,"column":63},"end":{"line":143,"column":5}},"line":137},"12":{"name":"(anonymous_12)","decl":{"start":{"line":138,"column":44},"end":{"line":138,"column":45}},"loc":{"start":{"line":138,"column":60},"end":{"line":138,"column":91}},"line":138},"13":{"name":"(anonymous_13)","decl":{"start":{"line":147,"column":30},"end":{"line":147,"column":31}},"loc":{"start":{"line":147,"column":42},"end":{"line":155,"column":1}},"line":147},"14":{"name":"TreeNode","decl":{"start":{"line":148,"column":13},"end":{"line":148,"column":21}},"loc":{"start":{"line":148,"column":51},"end":{"line":153,"column":5}},"line":148}},"branchMap":{"0":{"loc":{"start":{"line":21,"column":8},"end":{"line":22,"column":31}},"type":"if","locations":[{"start":{"line":21,"column":8},"end":{"line":22,"column":31}},{"start":{},"end":{}}],"line":21},"1":{"loc":{"start":{"line":52,"column":12},"end":{"line":53,"column":54}},"type":"if","locations":[{"start":{"line":52,"column":12},"end":{"line":53,"column":54}},{"start":{},"end":{}}],"line":52},"2":{"loc":{"start":{"line":75,"column":12},"end":{"line":85,"column":13}},"type":"if","locations":[{"start":{"line":75,"column":12},"end":{"line":85,"column":13}},{"start":{"line":79,"column":17},"end":{"line":85,"column":13}}],"line":75},"3":{"loc":{"start":{"line":79,"column":17},"end":{"line":85,"column":13}},"type":"if","locations":[{"start":{"line":79,"column":17},"end":{"line":85,"column":13}},{"start":{"line":83,"column":17},"end":{"line":85,"column":13}}],"line":79},"4":{"loc":{"start":{"line":105,"column":16},"end":{"line":106,"column":34}},"type":"if","locations":[{"start":{"line":105,"column":16},"end":{"line":106,"column":34}},{"start":{},"end":{}}],"line":105},"5":{"loc":{"start":{"line":109,"column":12},"end":{"line":110,"column":31}},"type":"if","locations":[{"start":{"line":109,"column":12},"end":{"line":110,"column":31}},{"start":{},"end":{}}],"line":109},"6":{"loc":{"start":{"line":130,"column":12},"end":{"line":133,"column":13}},"type":"if","locations":[{"start":{"line":130,"column":12},"end":{"line":133,"column":13}},{"start":{},"end":{}}],"line":130},"7":{"loc":{"start":{"line":130,"column":16},"end":{"line":130,"column":50}},"type":"binary-expr","locations":[{"start":{"line":130,"column":16},"end":{"line":130,"column":31}},{"start":{"line":130,"column":35},"end":{"line":130,"column":50}}],"line":130},"8":{"loc":{"start":{"line":139,"column":8},"end":{"line":141,"column":9}},"type":"if","locations":[{"start":{"line":139,"column":8},"end":{"line":141,"column":9}},{"start":{},"end":{}}],"line":139}},"s":{"0":2,"1":2,"2":2,"3":2,"4":7,"5":7,"6":2,"7":6,"8":224,"9":6,"10":6,"11":2,"12":37,"13":6,"14":31,"15":31,"16":31,"17":218,"18":218,"19":218,"20":218,"21":218,"22":218,"23":218,"24":31,"25":2,"26":1,"27":1,"28":1,"29":1,"30":1,"31":6,"32":6,"33":0,"34":6,"35":6,"36":63,"37":63,"38":63,"39":63,"40":63,"41":6,"42":1,"43":2,"44":1,"45":1,"46":1,"47":5,"48":2,"49":2,"50":3,"51":3,"52":3,"53":0,"54":5,"55":1,"56":2,"57":2,"58":2,"59":2,"60":14,"61":14,"62":254,"63":254,"64":240,"65":14,"66":14,"67":12,"68":2,"69":2,"70":0,"71":0,"72":2,"73":20,"74":20,"75":20,"76":20,"77":317,"78":317,"79":189,"80":189,"81":20,"82":2,"83":1,"84":23,"85":1,"86":0,"87":1,"88":2,"89":2,"90":2,"91":569,"92":569,"93":569,"94":569,"95":2,"96":2},"f":{"0":2,"1":7,"2":6,"3":224,"4":37,"5":1,"6":1,"7":2,"8":0,"9":0,"10":20,"11":1,"12":23,"13":2,"14":569},"b":{"0":[6,31],"1":[0,6],"2":[2,3],"3":[3,0],"4":[240,14],"5":[12,2],"6":[189,128],"7":[317,189],"8":[0,1]},"inputSourceMap":null,"_coverageSchema":"1a1c01bbd47fc00a2c39e90264f33305004495a9","hash":"877f8f2d97f08c044ca75799968029be1ef6ff6e"}
,"/Users/kiliankaslin/Downloads/Zeko/zkp-merkle-airdrop-lib/lib/index.js": {"path":"/Users/kiliankaslin/Downloads/Zeko/zkp-merkle-airdrop-lib/lib/index.js","statementMap":{"0":{"start":{"line":2,"column":0},"end":{"line":2,"column":62}},"1":{"start":{"line":3,"column":0},"end":{"line":3,"column":168}},"2":{"start":{"line":4,"column":19},"end":{"line":4,"column":42}},"3":{"start":{"line":5,"column":0},"end":{"line":5,"column":121}},"4":{"start":{"line":5,"column":84},"end":{"line":5,"column":115}},"5":{"start":{"line":6,"column":0},"end":{"line":6,"column":117}},"6":{"start":{"line":6,"column":82},"end":{"line":6,"column":111}},"7":{"start":{"line":7,"column":16},"end":{"line":7,"column":36}},"8":{"start":{"line":8,"column":0},"end":{"line":8,"column":140}},"9":{"start":{"line":8,"column":95},"end":{"line":8,"column":134}},"10":{"start":{"line":9,"column":0},"end":{"line":9,"column":108}},"11":{"start":{"line":9,"column":79},"end":{"line":9,"column":102}},"12":{"start":{"line":10,"column":0},"end":{"line":10,"column":118}},"13":{"start":{"line":10,"column":84},"end":{"line":10,"column":112}},"14":{"start":{"line":11,"column":0},"end":{"line":11,"column":122}},"15":{"start":{"line":11,"column":86},"end":{"line":11,"column":116}},"16":{"start":{"line":12,"column":0},"end":{"line":12,"column":134}},"17":{"start":{"line":12,"column":92},"end":{"line":12,"column":128}}},"fnMap":{"0":{"name":"(anonymous_0)","decl":{"start":{"line":5,"column":70},"end":{"line":5,"column":71}},"loc":{"start":{"line":5,"column":82},"end":{"line":5,"column":117}},"line":5},"1":{"name":"(anonymous_1)","decl":{"start":{"line":6,"column":68},"end":{"line":6,"column":69}},"loc":{"start":{"line":6,"column":80},"end":{"line":6,"column":113}},"line":6},"2":{"name":"(anonymous_2)","decl":{"start":{"line":8,"column":81},"end":{"line":8,"column":82}},"loc":{"start":{"line":8,"column":93},"end":{"line":8,"column":136}},"line":8},"3":{"name":"(anonymous_3)","decl":{"start":{"line":9,"column":65},"end":{"line":9,"column":66}},"loc":{"start":{"line":9,"column":77},"end":{"line":9,"column":104}},"line":9},"4":{"name":"(anonymous_4)","decl":{"start":{"line":10,"column":70},"end":{"line":10,"column":71}},"loc":{"start":{"line":10,"column":82},"end":{"line":10,"column":114}},"line":10},"5":{"name":"(anonymous_5)","decl":{"start":{"line":11,"column":72},"end":{"line":11,"column":73}},"loc":{"start":{"line":11,"column":84},"end":{"line":11,"column":118}},"line":11},"6":{"name":"(anonymous_6)","decl":{"start":{"line":12,"column":78},"end":{"line":12,"column":79}},"loc":{"start":{"line":12,"column":90},"end":{"line":12,"column":130}},"line":12}},"branchMap":{},"s":{"0":2,"1":2,"2":2,"3":2,"4":7,"5":2,"6":0,"7":2,"8":2,"9":1,"10":2,"11":8,"12":2,"13":0,"14":2,"15":1,"16":2,"17":65},"f":{"0":7,"1":0,"2":1,"3":8,"4":0,"5":1,"6":65},"b":{},"inputSourceMap":null,"_coverageSchema":"1a1c01bbd47fc00a2c39e90264f33305004495a9","hash":"5c41f3d72b402eb72e3d908c8567421a13cbbf41"}
,"/Users/kiliankaslin/Downloads/Zeko/zkp-merkle-airdrop-lib/lib/witness_calculator.js": {"path":"/Users/kiliankaslin/Downloads/Zeko/zkp-merkle-airdrop-lib/lib/witness_calculator.js","statementMap":{"0":{"start":{"line":2,"column":16},"end":{"line":10,"column":1}},"1":{"start":{"line":3,"column":28},"end":{"line":3,"column":110}},"2":{"start":{"line":3,"column":91},"end":{"line":3,"column":106}},"3":{"start":{"line":4,"column":4},"end":{"line":9,"column":7}},"4":{"start":{"line":5,"column":36},"end":{"line":5,"column":97}},"5":{"start":{"line":5,"column":42},"end":{"line":5,"column":70}},"6":{"start":{"line":5,"column":85},"end":{"line":5,"column":95}},"7":{"start":{"line":6,"column":35},"end":{"line":6,"column":100}},"8":{"start":{"line":6,"column":41},"end":{"line":6,"column":73}},"9":{"start":{"line":6,"column":88},"end":{"line":6,"column":98}},"10":{"start":{"line":7,"column":32},"end":{"line":7,"column":116}},"11":{"start":{"line":8,"column":8},"end":{"line":8,"column":78}},"12":{"start":{"line":11,"column":18},"end":{"line":37,"column":1}},"13":{"start":{"line":12,"column":12},"end":{"line":12,"column":104}},"14":{"start":{"line":12,"column":43},"end":{"line":12,"column":68}},"15":{"start":{"line":12,"column":57},"end":{"line":12,"column":68}},"16":{"start":{"line":12,"column":69},"end":{"line":12,"column":81}},"17":{"start":{"line":13,"column":4},"end":{"line":13,"column":157}},"18":{"start":{"line":13,"column":138},"end":{"line":13,"column":150}},"19":{"start":{"line":14,"column":23},"end":{"line":14,"column":68}},"20":{"start":{"line":14,"column":45},"end":{"line":14,"column":65}},"21":{"start":{"line":16,"column":8},"end":{"line":16,"column":70}},"22":{"start":{"line":16,"column":15},"end":{"line":16,"column":70}},"23":{"start":{"line":17,"column":8},"end":{"line":34,"column":66}},"24":{"start":{"line":17,"column":18},"end":{"line":34,"column":66}},"25":{"start":{"line":18,"column":12},"end":{"line":18,"column":169}},"26":{"start":{"line":18,"column":160},"end":{"line":18,"column":169}},"27":{"start":{"line":19,"column":12},"end":{"line":19,"column":52}},"28":{"start":{"line":19,"column":26},"end":{"line":19,"column":52}},"29":{"start":{"line":20,"column":12},"end":{"line":32,"column":13}},"30":{"start":{"line":21,"column":32},"end":{"line":21,"column":39}},"31":{"start":{"line":21,"column":40},"end":{"line":21,"column":46}},"32":{"start":{"line":22,"column":24},"end":{"line":22,"column":34}},"33":{"start":{"line":22,"column":35},"end":{"line":22,"column":72}},"34":{"start":{"line":23,"column":24},"end":{"line":23,"column":34}},"35":{"start":{"line":23,"column":35},"end":{"line":23,"column":45}},"36":{"start":{"line":23,"column":46},"end":{"line":23,"column":55}},"37":{"start":{"line":23,"column":56},"end":{"line":23,"column":65}},"38":{"start":{"line":24,"column":24},"end":{"line":24,"column":41}},"39":{"start":{"line":24,"column":42},"end":{"line":24,"column":55}},"40":{"start":{"line":24,"column":56},"end":{"line":24,"column":65}},"41":{"start":{"line":26,"column":20},"end":{"line":26,"column":128}},"42":{"start":{"line":26,"column":110},"end":{"line":26,"column":116}},"43":{"start":{"line":26,"column":117},"end":{"line":26,"column":126}},"44":{"start":{"line":27,"column":20},"end":{"line":27,"column":106}},"45":{"start":{"line":27,"column":81},"end":{"line":27,"column":97}},"46":{"start":{"line":27,"column":98},"end":{"line":27,"column":104}},"47":{"start":{"line":28,"column":20},"end":{"line":28,"column":89}},"48":{"start":{"line":28,"column":57},"end":{"line":28,"column":72}},"49":{"start":{"line":28,"column":73},"end":{"line":28,"column":80}},"50":{"start":{"line":28,"column":81},"end":{"line":28,"column":87}},"51":{"start":{"line":29,"column":20},"end":{"line":29,"column":87}},"52":{"start":{"line":29,"column":47},"end":{"line":29,"column":62}},"53":{"start":{"line":29,"column":63},"end":{"line":29,"column":78}},"54":{"start":{"line":29,"column":79},"end":{"line":29,"column":85}},"55":{"start":{"line":30,"column":20},"end":{"line":30,"column":42}},"56":{"start":{"line":30,"column":30},"end":{"line":30,"column":42}},"57":{"start":{"line":31,"column":20},"end":{"line":31,"column":33}},"58":{"start":{"line":31,"column":34},"end":{"line":31,"column":43}},"59":{"start":{"line":33,"column":12},"end":{"line":33,"column":39}},"60":{"start":{"line":34,"column":22},"end":{"line":34,"column":34}},"61":{"start":{"line":34,"column":35},"end":{"line":34,"column":41}},"62":{"start":{"line":34,"column":54},"end":{"line":34,"column":64}},"63":{"start":{"line":35,"column":8},"end":{"line":35,"column":35}},"64":{"start":{"line":35,"column":23},"end":{"line":35,"column":35}},"65":{"start":{"line":35,"column":36},"end":{"line":35,"column":89}},"66":{"start":{"line":38,"column":0},"end":{"line":112,"column":2}},"67":{"start":{"line":39,"column":4},"end":{"line":111,"column":7}},"68":{"start":{"line":41,"column":26},"end":{"line":41,"column":28}},"69":{"start":{"line":42,"column":20},"end":{"line":42,"column":53}},"70":{"start":{"line":43,"column":12},"end":{"line":46,"column":13}},"71":{"start":{"line":44,"column":16},"end":{"line":44,"column":50}},"72":{"start":{"line":45,"column":16},"end":{"line":45,"column":54}},"73":{"start":{"line":47,"column":12},"end":{"line":47,"column":27}},"74":{"start":{"line":50,"column":40},"end":{"line":50,"column":75}},"75":{"start":{"line":51,"column":22},"end":{"line":51,"column":60}},"76":{"start":{"line":52,"column":12},"end":{"line":54,"column":13}},"77":{"start":{"line":52,"column":25},"end":{"line":52,"column":26}},"78":{"start":{"line":53,"column":16},"end":{"line":53,"column":92}},"79":{"start":{"line":55,"column":12},"end":{"line":55,"column":42}},"80":{"start":{"line":58,"column":8},"end":{"line":110,"column":11}},"81":{"start":{"line":59,"column":12},"end":{"line":109,"column":13}},"82":{"start":{"line":61,"column":20},"end":{"line":61,"column":44}},"83":{"start":{"line":62,"column":20},"end":{"line":62,"column":68}},"84":{"start":{"line":64,"column":20},"end":{"line":64,"column":43}},"85":{"start":{"line":65,"column":20},"end":{"line":95,"column":28}},"86":{"start":{"line":69,"column":36},"end":{"line":86,"column":37}},"87":{"start":{"line":70,"column":40},"end":{"line":70,"column":70}},"88":{"start":{"line":72,"column":41},"end":{"line":86,"column":37}},"89":{"start":{"line":73,"column":40},"end":{"line":73,"column":74}},"90":{"start":{"line":75,"column":41},"end":{"line":86,"column":37}},"91":{"start":{"line":76,"column":40},"end":{"line":76,"column":72}},"92":{"start":{"line":78,"column":41},"end":{"line":86,"column":37}},"93":{"start":{"line":79,"column":40},"end":{"line":79,"column":67}},"94":{"start":{"line":81,"column":41},"end":{"line":86,"column":37}},"95":{"start":{"line":82,"column":40},"end":{"line":82,"column":71}},"96":{"start":{"line":85,"column":40},"end":{"line":85,"column":67}},"97":{"start":{"line":88,"column":36},"end":{"line":88,"column":59}},"98":{"start":{"line":89,"column":36},"end":{"line":89,"column":60}},"99":{"start":{"line":92,"column":36},"end":{"line":92,"column":58}},"100":{"start":{"line":97,"column":20},"end":{"line":97,"column":41}},"101":{"start":{"line":98,"column":20},"end":{"line":98,"column":42}},"102":{"start":{"line":107,"column":20},"end":{"line":107,"column":70}},"103":{"start":{"line":108,"column":20},"end":{"line":108,"column":46}},"104":{"start":{"line":113,"column":39},"end":{"line":272,"column":3}},"105":{"start":{"line":115,"column":8},"end":{"line":115,"column":33}},"106":{"start":{"line":116,"column":8},"end":{"line":116,"column":58}},"107":{"start":{"line":117,"column":8},"end":{"line":117,"column":60}},"108":{"start":{"line":118,"column":8},"end":{"line":118,"column":44}},"109":{"start":{"line":119,"column":18},"end":{"line":119,"column":37}},"110":{"start":{"line":120,"column":8},"end":{"line":122,"column":9}},"111":{"start":{"line":120,"column":21},"end":{"line":120,"column":22}},"112":{"start":{"line":121,"column":12},"end":{"line":121,"column":80}},"113":{"start":{"line":123,"column":8},"end":{"line":123,"column":38}},"114":{"start":{"line":124,"column":8},"end":{"line":124,"column":66}},"115":{"start":{"line":125,"column":8},"end":{"line":125,"column":39}},"116":{"start":{"line":127,"column":4},"end":{"line":129,"column":6}},"117":{"start":{"line":128,"column":8},"end":{"line":128,"column":50}},"118":{"start":{"line":130,"column":4},"end":{"line":165,"column":6}},"119":{"start":{"line":131,"column":8},"end":{"line":164,"column":11}},"120":{"start":{"line":133,"column":24},"end":{"line":133,"column":28}},"121":{"start":{"line":134,"column":12},"end":{"line":163,"column":15}},"122":{"start":{"line":136,"column":16},"end":{"line":136,"column":86}},"123":{"start":{"line":137,"column":16},"end":{"line":137,"column":42}},"124":{"start":{"line":138,"column":16},"end":{"line":138,"column":34}},"125":{"start":{"line":139,"column":16},"end":{"line":158,"column":19}},"126":{"start":{"line":140,"column":28},"end":{"line":140,"column":38}},"127":{"start":{"line":141,"column":31},"end":{"line":141,"column":58}},"128":{"start":{"line":142,"column":31},"end":{"line":142,"column":59}},"129":{"start":{"line":143,"column":31},"end":{"line":143,"column":50}},"130":{"start":{"line":144,"column":20},"end":{"line":157,"column":21}},"131":{"start":{"line":144,"column":33},"end":{"line":144,"column":34}},"132":{"start":{"line":145,"column":36},"end":{"line":145,"column":65}},"133":{"start":{"line":146,"column":24},"end":{"line":148,"column":25}},"134":{"start":{"line":146,"column":37},"end":{"line":146,"column":38}},"135":{"start":{"line":147,"column":28},"end":{"line":147,"column":100}},"136":{"start":{"line":149,"column":24},"end":{"line":156,"column":25}},"137":{"start":{"line":150,"column":28},"end":{"line":150,"column":81}},"138":{"start":{"line":151,"column":28},"end":{"line":151,"column":44}},"139":{"start":{"line":155,"column":28},"end":{"line":155,"column":49}},"140":{"start":{"line":159,"column":16},"end":{"line":161,"column":17}},"141":{"start":{"line":160,"column":20},"end":{"line":160,"column":154}},"142":{"start":{"line":162,"column":16},"end":{"line":162,"column":38}},"143":{"start":{"line":166,"column":4},"end":{"line":188,"column":6}},"144":{"start":{"line":167,"column":8},"end":{"line":187,"column":11}},"145":{"start":{"line":169,"column":12},"end":{"line":186,"column":15}},"146":{"start":{"line":170,"column":16},"end":{"line":185,"column":17}},"147":{"start":{"line":172,"column":24},"end":{"line":172,"column":31}},"148":{"start":{"line":173,"column":24},"end":{"line":173,"column":91}},"149":{"start":{"line":175,"column":24},"end":{"line":175,"column":34}},"150":{"start":{"line":176,"column":24},"end":{"line":183,"column":25}},"151":{"start":{"line":177,"column":28},"end":{"line":177,"column":64}},"152":{"start":{"line":178,"column":28},"end":{"line":178,"column":60}},"153":{"start":{"line":179,"column":28},"end":{"line":181,"column":29}},"154":{"start":{"line":180,"column":32},"end":{"line":180,"column":100}},"155":{"start":{"line":182,"column":28},"end":{"line":182,"column":53}},"156":{"start":{"line":184,"column":24},"end":{"line":184,"column":49}},"157":{"start":{"line":189,"column":4},"end":{"line":211,"column":6}},"158":{"start":{"line":190,"column":8},"end":{"line":210,"column":11}},"159":{"start":{"line":192,"column":12},"end":{"line":209,"column":15}},"160":{"start":{"line":193,"column":16},"end":{"line":208,"column":17}},"161":{"start":{"line":195,"column":24},"end":{"line":195,"column":78}},"162":{"start":{"line":196,"column":24},"end":{"line":196,"column":61}},"163":{"start":{"line":197,"column":24},"end":{"line":197,"column":91}},"164":{"start":{"line":199,"column":24},"end":{"line":199,"column":34}},"165":{"start":{"line":200,"column":24},"end":{"line":206,"column":25}},"166":{"start":{"line":201,"column":28},"end":{"line":201,"column":64}},"167":{"start":{"line":202,"column":28},"end":{"line":202,"column":47}},"168":{"start":{"line":203,"column":28},"end":{"line":205,"column":29}},"169":{"start":{"line":204,"column":32},"end":{"line":204,"column":94}},"170":{"start":{"line":207,"column":24},"end":{"line":207,"column":52}},"171":{"start":{"line":212,"column":4},"end":{"line":270,"column":6}},"172":{"start":{"line":213,"column":8},"end":{"line":269,"column":11}},"173":{"start":{"line":215,"column":12},"end":{"line":268,"column":15}},"174":{"start":{"line":216,"column":16},"end":{"line":267,"column":17}},"175":{"start":{"line":218,"column":24},"end":{"line":218,"column":94}},"176":{"start":{"line":219,"column":24},"end":{"line":219,"column":61}},"177":{"start":{"line":220,"column":24},"end":{"line":220,"column":91}},"178":{"start":{"line":222,"column":24},"end":{"line":222,"column":34}},"179":{"start":{"line":224,"column":24},"end":{"line":224,"column":52}},"180":{"start":{"line":225,"column":24},"end":{"line":225,"column":52}},"181":{"start":{"line":226,"column":24},"end":{"line":226,"column":52}},"182":{"start":{"line":227,"column":24},"end":{"line":227,"column":52}},"183":{"start":{"line":229,"column":24},"end":{"line":229,"column":38}},"184":{"start":{"line":231,"column":24},"end":{"line":231,"column":38}},"185":{"start":{"line":233,"column":24},"end":{"line":233,"column":38}},"186":{"start":{"line":234,"column":24},"end":{"line":234,"column":42}},"187":{"start":{"line":235,"column":24},"end":{"line":235,"column":50}},"188":{"start":{"line":236,"column":24},"end":{"line":236,"column":76}},"189":{"start":{"line":237,"column":24},"end":{"line":237,"column":82}},"190":{"start":{"line":238,"column":24},"end":{"line":238,"column":83}},"191":{"start":{"line":240,"column":24},"end":{"line":240,"column":39}},"192":{"start":{"line":242,"column":24},"end":{"line":242,"column":60}},"193":{"start":{"line":243,"column":24},"end":{"line":243,"column":32}},"194":{"start":{"line":244,"column":24},"end":{"line":246,"column":25}},"195":{"start":{"line":245,"column":28},"end":{"line":245,"column":90}},"196":{"start":{"line":247,"column":24},"end":{"line":247,"column":40}},"197":{"start":{"line":249,"column":24},"end":{"line":249,"column":55}},"198":{"start":{"line":250,"column":24},"end":{"line":250,"column":30}},"199":{"start":{"line":252,"column":24},"end":{"line":252,"column":40}},"200":{"start":{"line":253,"column":24},"end":{"line":253,"column":30}},"201":{"start":{"line":254,"column":24},"end":{"line":254,"column":65}},"202":{"start":{"line":255,"column":24},"end":{"line":255,"column":76}},"203":{"start":{"line":256,"column":24},"end":{"line":256,"column":84}},"204":{"start":{"line":257,"column":24},"end":{"line":257,"column":89}},"205":{"start":{"line":258,"column":24},"end":{"line":258,"column":33}},"206":{"start":{"line":259,"column":24},"end":{"line":265,"column":25}},"207":{"start":{"line":260,"column":28},"end":{"line":260,"column":64}},"208":{"start":{"line":261,"column":28},"end":{"line":263,"column":29}},"209":{"start":{"line":262,"column":32},"end":{"line":262,"column":94}},"210":{"start":{"line":264,"column":28},"end":{"line":264,"column":44}},"211":{"start":{"line":266,"column":24},"end":{"line":266,"column":52}},"212":{"start":{"line":271,"column":4},"end":{"line":271,"column":29}},"213":{"start":{"line":274,"column":14},"end":{"line":274,"column":16}},"214":{"start":{"line":275,"column":14},"end":{"line":275,"column":23}},"215":{"start":{"line":276,"column":16},"end":{"line":276,"column":35}},"216":{"start":{"line":277,"column":4},"end":{"line":280,"column":5}},"217":{"start":{"line":278,"column":8},"end":{"line":278,"column":41}},"218":{"start":{"line":279,"column":8},"end":{"line":279,"column":26}},"219":{"start":{"line":281,"column":4},"end":{"line":287,"column":5}},"220":{"start":{"line":282,"column":16},"end":{"line":282,"column":33}},"221":{"start":{"line":283,"column":8},"end":{"line":286,"column":9}},"222":{"start":{"line":284,"column":12},"end":{"line":284,"column":27}},"223":{"start":{"line":285,"column":12},"end":{"line":285,"column":16}},"224":{"start":{"line":288,"column":4},"end":{"line":288,"column":15}},"225":{"start":{"line":291,"column":14},"end":{"line":291,"column":23}},"226":{"start":{"line":292,"column":16},"end":{"line":292,"column":35}},"227":{"start":{"line":293,"column":4},"end":{"line":295,"column":5}},"228":{"start":{"line":293,"column":17},"end":{"line":293,"column":18}},"229":{"start":{"line":294,"column":8},"end":{"line":294,"column":43}},"230":{"start":{"line":296,"column":4},"end":{"line":296,"column":15}},"231":{"start":{"line":299,"column":14},"end":{"line":299,"column":16}},"232":{"start":{"line":300,"column":4},"end":{"line":300,"column":22}},"233":{"start":{"line":301,"column":4},"end":{"line":301,"column":15}},"234":{"start":{"line":303,"column":8},"end":{"line":310,"column":9}},"235":{"start":{"line":304,"column":12},"end":{"line":306,"column":13}},"236":{"start":{"line":304,"column":25},"end":{"line":304,"column":26}},"237":{"start":{"line":305,"column":16},"end":{"line":305,"column":37}},"238":{"start":{"line":309,"column":12},"end":{"line":309,"column":24}},"239":{"start":{"line":314,"column":21},"end":{"line":314,"column":44}},"240":{"start":{"line":315,"column":15},"end":{"line":315,"column":43}},"241":{"start":{"line":316,"column":4},"end":{"line":320,"column":5}},"242":{"start":{"line":316,"column":17},"end":{"line":316,"column":18}},"243":{"start":{"line":317,"column":8},"end":{"line":317,"column":44}},"244":{"start":{"line":318,"column":8},"end":{"line":318,"column":38}},"245":{"start":{"line":319,"column":8},"end":{"line":319,"column":27}},"246":{"start":{"line":321,"column":16},"end":{"line":321,"column":33}},"247":{"start":{"line":322,"column":12},"end":{"line":322,"column":29}},"248":{"start":{"line":323,"column":4},"end":{"line":323,"column":40}},"249":{"start":{"line":324,"column":4},"end":{"line":324,"column":17}}},"fnMap":{"0":{"name":"(anonymous_0)","decl":{"start":{"line":2,"column":44},"end":{"line":2,"column":45}},"loc":{"start":{"line":2,"column":89},"end":{"line":10,"column":1}},"line":2},"1":{"name":"adopt","decl":{"start":{"line":3,"column":13},"end":{"line":3,"column":18}},"loc":{"start":{"line":3,"column":26},"end":{"line":3,"column":112}},"line":3},"2":{"name":"(anonymous_2)","decl":{"start":{"line":3,"column":70},"end":{"line":3,"column":71}},"loc":{"start":{"line":3,"column":89},"end":{"line":3,"column":108}},"line":3},"3":{"name":"(anonymous_3)","decl":{"start":{"line":4,"column":36},"end":{"line":4,"column":37}},"loc":{"start":{"line":4,"column":63},"end":{"line":9,"column":5}},"line":4},"4":{"name":"fulfilled","decl":{"start":{"line":5,"column":17},"end":{"line":5,"column":26}},"loc":{"start":{"line":5,"column":34},"end":{"line":5,"column":99}},"line":5},"5":{"name":"rejected","decl":{"start":{"line":6,"column":17},"end":{"line":6,"column":25}},"loc":{"start":{"line":6,"column":33},"end":{"line":6,"column":102}},"line":6},"6":{"name":"step","decl":{"start":{"line":7,"column":17},"end":{"line":7,"column":21}},"loc":{"start":{"line":7,"column":30},"end":{"line":7,"column":118}},"line":7},"7":{"name":"(anonymous_7)","decl":{"start":{"line":11,"column":48},"end":{"line":11,"column":49}},"loc":{"start":{"line":11,"column":73},"end":{"line":37,"column":1}},"line":11},"8":{"name":"(anonymous_8)","decl":{"start":{"line":12,"column":30},"end":{"line":12,"column":31}},"loc":{"start":{"line":12,"column":41},"end":{"line":12,"column":83}},"line":12},"9":{"name":"(anonymous_9)","decl":{"start":{"line":13,"column":125},"end":{"line":13,"column":126}},"loc":{"start":{"line":13,"column":136},"end":{"line":13,"column":152}},"line":13},"10":{"name":"verb","decl":{"start":{"line":14,"column":13},"end":{"line":14,"column":17}},"loc":{"start":{"line":14,"column":21},"end":{"line":14,"column":70}},"line":14},"11":{"name":"(anonymous_11)","decl":{"start":{"line":14,"column":30},"end":{"line":14,"column":31}},"loc":{"start":{"line":14,"column":43},"end":{"line":14,"column":67}},"line":14},"12":{"name":"step","decl":{"start":{"line":15,"column":13},"end":{"line":15,"column":17}},"loc":{"start":{"line":15,"column":22},"end":{"line":36,"column":5}},"line":15},"13":{"name":"builder","decl":{"start":{"line":38,"column":26},"end":{"line":38,"column":33}},"loc":{"start":{"line":38,"column":49},"end":{"line":112,"column":1}},"line":38},"14":{"name":"(anonymous_14)","decl":{"start":{"line":39,"column":43},"end":{"line":39,"column":44}},"loc":{"start":{"line":39,"column":55},"end":{"line":111,"column":5}},"line":39},"15":{"name":"getMessage","decl":{"start":{"line":40,"column":17},"end":{"line":40,"column":27}},"loc":{"start":{"line":40,"column":30},"end":{"line":48,"column":9}},"line":40},"16":{"name":"printSharedRWMemory","decl":{"start":{"line":49,"column":17},"end":{"line":49,"column":36}},"loc":{"start":{"line":49,"column":39},"end":{"line":56,"column":9}},"line":49},"17":{"name":"(anonymous_17)","decl":{"start":{"line":58,"column":33},"end":{"line":58,"column":34}},"loc":{"start":{"line":58,"column":47},"end":{"line":110,"column":9}},"line":58},"18":{"name":"(anonymous_18)","decl":{"start":{"line":67,"column":50},"end":{"line":67,"column":51}},"loc":{"start":{"line":67,"column":66},"end":{"line":90,"column":33}},"line":67},"19":{"name":"(anonymous_19)","decl":{"start":{"line":91,"column":52},"end":{"line":91,"column":53}},"loc":{"start":{"line":91,"column":64},"end":{"line":93,"column":33}},"line":91},"20":{"name":"(anonymous_20)","decl":{"start":{"line":113,"column":39},"end":{"line":113,"column":40}},"loc":{"start":{"line":113,"column":51},"end":{"line":272,"column":1}},"line":113},"21":{"name":"WitnessCalculator","decl":{"start":{"line":114,"column":13},"end":{"line":114,"column":30}},"loc":{"start":{"line":114,"column":54},"end":{"line":126,"column":5}},"line":114},"22":{"name":"(anonymous_22)","decl":{"start":{"line":127,"column":49},"end":{"line":127,"column":50}},"loc":{"start":{"line":127,"column":61},"end":{"line":129,"column":5}},"line":127},"23":{"name":"(anonymous_23)","decl":{"start":{"line":130,"column":54},"end":{"line":130,"column":55}},"loc":{"start":{"line":130,"column":84},"end":{"line":165,"column":5}},"line":130},"24":{"name":"(anonymous_24)","decl":{"start":{"line":131,"column":47},"end":{"line":131,"column":48}},"loc":{"start":{"line":131,"column":59},"end":{"line":164,"column":9}},"line":131},"25":{"name":"(anonymous_25)","decl":{"start":{"line":134,"column":37},"end":{"line":134,"column":38}},"loc":{"start":{"line":134,"column":51},"end":{"line":163,"column":13}},"line":134},"26":{"name":"(anonymous_26)","decl":{"start":{"line":139,"column":29},"end":{"line":139,"column":30}},"loc":{"start":{"line":139,"column":42},"end":{"line":158,"column":17}},"line":139},"27":{"name":"(anonymous_27)","decl":{"start":{"line":166,"column":51},"end":{"line":166,"column":52}},"loc":{"start":{"line":166,"column":81},"end":{"line":188,"column":5}},"line":166},"28":{"name":"(anonymous_28)","decl":{"start":{"line":167,"column":47},"end":{"line":167,"column":48}},"loc":{"start":{"line":167,"column":59},"end":{"line":187,"column":9}},"line":167},"29":{"name":"(anonymous_29)","decl":{"start":{"line":169,"column":37},"end":{"line":169,"column":38}},"loc":{"start":{"line":169,"column":51},"end":{"line":186,"column":13}},"line":169},"30":{"name":"(anonymous_30)","decl":{"start":{"line":189,"column":54},"end":{"line":189,"column":55}},"loc":{"start":{"line":189,"column":84},"end":{"line":211,"column":5}},"line":189},"31":{"name":"(anonymous_31)","decl":{"start":{"line":190,"column":47},"end":{"line":190,"column":48}},"loc":{"start":{"line":190,"column":59},"end":{"line":210,"column":9}},"line":190},"32":{"name":"(anonymous_32)","decl":{"start":{"line":192,"column":37},"end":{"line":192,"column":38}},"loc":{"start":{"line":192,"column":51},"end":{"line":209,"column":13}},"line":192},"33":{"name":"(anonymous_33)","decl":{"start":{"line":212,"column":51},"end":{"line":212,"column":52}},"loc":{"start":{"line":212,"column":81},"end":{"line":270,"column":5}},"line":212},"34":{"name":"(anonymous_34)","decl":{"start":{"line":213,"column":47},"end":{"line":213,"column":48}},"loc":{"start":{"line":213,"column":59},"end":{"line":269,"column":9}},"line":213},"35":{"name":"(anonymous_35)","decl":{"start":{"line":215,"column":37},"end":{"line":215,"column":38}},"loc":{"start":{"line":215,"column":51},"end":{"line":268,"column":13}},"line":215},"36":{"name":"toArray32","decl":{"start":{"line":273,"column":9},"end":{"line":273,"column":18}},"loc":{"start":{"line":273,"column":28},"end":{"line":289,"column":1}},"line":273},"37":{"name":"fromArray32","decl":{"start":{"line":290,"column":9},"end":{"line":290,"column":20}},"loc":{"start":{"line":290,"column":26},"end":{"line":297,"column":1}},"line":290},"38":{"name":"flatArray","decl":{"start":{"line":298,"column":9},"end":{"line":298,"column":18}},"loc":{"start":{"line":298,"column":22},"end":{"line":312,"column":1}},"line":298},"39":{"name":"fillArray","decl":{"start":{"line":302,"column":13},"end":{"line":302,"column":22}},"loc":{"start":{"line":302,"column":31},"end":{"line":311,"column":5}},"line":302},"40":{"name":"fnvHash","decl":{"start":{"line":313,"column":9},"end":{"line":313,"column":16}},"loc":{"start":{"line":313,"column":22},"end":{"line":325,"column":1}},"line":313}},"branchMap":{"0":{"loc":{"start":{"line":2,"column":16},"end":{"line":10,"column":1}},"type":"binary-expr","locations":[{"start":{"line":2,"column":17},"end":{"line":2,"column":21}},{"start":{"line":2,"column":25},"end":{"line":2,"column":39}},{"start":{"line":2,"column":44},"end":{"line":10,"column":1}}],"line":2},"1":{"loc":{"start":{"line":3,"column":35},"end":{"line":3,"column":109}},"type":"cond-expr","locations":[{"start":{"line":3,"column":56},"end":{"line":3,"column":61}},{"start":{"line":3,"column":64},"end":{"line":3,"column":109}}],"line":3},"2":{"loc":{"start":{"line":4,"column":16},"end":{"line":4,"column":34}},"type":"binary-expr","locations":[{"start":{"line":4,"column":16},"end":{"line":4,"column":17}},{"start":{"line":4,"column":22},"end":{"line":4,"column":33}}],"line":4},"3":{"loc":{"start":{"line":7,"column":32},"end":{"line":7,"column":115}},"type":"cond-expr","locations":[{"start":{"line":7,"column":46},"end":{"line":7,"column":67}},{"start":{"line":7,"column":70},"end":{"line":7,"column":115}}],"line":7},"4":{"loc":{"start":{"line":8,"column":51},"end":{"line":8,"column":67}},"type":"binary-expr","locations":[{"start":{"line":8,"column":51},"end":{"line":8,"column":61}},{"start":{"line":8,"column":65},"end":{"line":8,"column":67}}],"line":8},"5":{"loc":{"start":{"line":11,"column":18},"end":{"line":37,"column":1}},"type":"binary-expr","locations":[{"start":{"line":11,"column":19},"end":{"line":11,"column":23}},{"start":{"line":11,"column":27},"end":{"line":11,"column":43}},{"start":{"line":11,"column":48},"end":{"line":37,"column":1}}],"line":11},"6":{"loc":{"start":{"line":12,"column":43},"end":{"line":12,"column":68}},"type":"if","locations":[{"start":{"line":12,"column":43},"end":{"line":12,"column":68}},{"start":{},"end":{}}],"line":12},"7":{"loc":{"start":{"line":13,"column":71},"end":{"line":13,"column":153}},"type":"binary-expr","locations":[{"start":{"line":13,"column":71},"end":{"line":13,"column":99}},{"start":{"line":13,"column":104},"end":{"line":13,"column":152}}],"line":13},"8":{"loc":{"start":{"line":16,"column":8},"end":{"line":16,"column":70}},"type":"if","locations":[{"start":{"line":16,"column":8},"end":{"line":16,"column":70}},{"start":{},"end":{}}],"line":16},"9":{"loc":{"start":{"line":18,"column":12},"end":{"line":18,"column":169}},"type":"if","locations":[{"start":{"line":18,"column":12},"end":{"line":18,"column":169}},{"start":{},"end":{}}],"line":18},"10":{"loc":{"start":{"line":18,"column":23},"end":{"line":18,"column":158}},"type":"binary-expr","locations":[{"start":{"line":18,"column":23},"end":{"line":18,"column":24}},{"start":{"line":18,"column":29},"end":{"line":18,"column":125}},{"start":{"line":18,"column":130},"end":{"line":18,"column":158}}],"line":18},"11":{"loc":{"start":{"line":18,"column":33},"end":{"line":18,"column":125}},"type":"cond-expr","locations":[{"start":{"line":18,"column":45},"end":{"line":18,"column":56}},{"start":{"line":18,"column":59},"end":{"line":18,"column":125}}],"line":18},"12":{"loc":{"start":{"line":18,"column":59},"end":{"line":18,"column":125}},"type":"cond-expr","locations":[{"start":{"line":18,"column":67},"end":{"line":18,"column":116}},{"start":{"line":18,"column":119},"end":{"line":18,"column":125}}],"line":18},"13":{"loc":{"start":{"line":18,"column":67},"end":{"line":18,"column":116}},"type":"binary-expr","locations":[{"start":{"line":18,"column":67},"end":{"line":18,"column":77}},{"start":{"line":18,"column":82},"end":{"line":18,"column":115}}],"line":18},"14":{"loc":{"start":{"line":18,"column":82},"end":{"line":18,"column":112}},"type":"binary-expr","locations":[{"start":{"line":18,"column":83},"end":{"line":18,"column":98}},{"start":{"line":18,"column":103},"end":{"line":18,"column":112}}],"line":18},"15":{"loc":{"start":{"line":19,"column":12},"end":{"line":19,"column":52}},"type":"if","locations":[{"start":{"line":19,"column":12},"end":{"line":19,"column":52}},{"start":{},"end":{}}],"line":19},"16":{"loc":{"start":{"line":20,"column":12},"end":{"line":32,"column":13}},"type":"switch","locations":[{"start":{"line":21,"column":16},"end":{"line":21,"column":23}},{"start":{"line":21,"column":24},"end":{"line":21,"column":46}},{"start":{"line":22,"column":16},"end":{"line":22,"column":72}},{"start":{"line":23,"column":16},"end":{"line":23,"column":65}},{"start":{"line":24,"column":16},"end":{"line":24,"column":65}},{"start":{"line":25,"column":16},"end":{"line":31,"column":43}}],"line":20},"17":{"loc":{"start":{"line":26,"column":20},"end":{"line":26,"column":128}},"type":"if","locations":[{"start":{"line":26,"column":20},"end":{"line":26,"column":128}},{"start":{},"end":{}}],"line":26},"18":{"loc":{"start":{"line":26,"column":24},"end":{"line":26,"column":106}},"type":"binary-expr","locations":[{"start":{"line":26,"column":24},"end":{"line":26,"column":74}},{"start":{"line":26,"column":79},"end":{"line":26,"column":90}},{"start":{"line":26,"column":94},"end":{"line":26,"column":105}}],"line":26},"19":{"loc":{"start":{"line":26,"column":42},"end":{"line":26,"column":73}},"type":"binary-expr","locations":[{"start":{"line":26,"column":42},"end":{"line":26,"column":54}},{"start":{"line":26,"column":58},"end":{"line":26,"column":73}}],"line":26},"20":{"loc":{"start":{"line":27,"column":20},"end":{"line":27,"column":106}},"type":"if","locations":[{"start":{"line":27,"column":20},"end":{"line":27,"column":106}},{"start":{},"end":{}}],"line":27},"21":{"loc":{"start":{"line":27,"column":24},"end":{"line":27,"column":77}},"type":"binary-expr","locations":[{"start":{"line":27,"column":24},"end":{"line":27,"column":35}},{"start":{"line":27,"column":40},"end":{"line":27,"column":42}},{"start":{"line":27,"column":47},"end":{"line":27,"column":59}},{"start":{"line":27,"column":63},"end":{"line":27,"column":75}}],"line":27},"22":{"loc":{"start":{"line":28,"column":20},"end":{"line":28,"column":89}},"type":"if","locations":[{"start":{"line":28,"column":20},"end":{"line":28,"column":89}},{"start":{},"end":{}}],"line":28},"23":{"loc":{"start":{"line":28,"column":24},"end":{"line":28,"column":53}},"type":"binary-expr","locations":[{"start":{"line":28,"column":24},"end":{"line":28,"column":35}},{"start":{"line":28,"column":39},"end":{"line":28,"column":53}}],"line":28},"24":{"loc":{"start":{"line":29,"column":20},"end":{"line":29,"column":87}},"type":"if","locations":[{"start":{"line":29,"column":20},"end":{"line":29,"column":87}},{"start":{},"end":{}}],"line":29},"25":{"loc":{"start":{"line":29,"column":24},"end":{"line":29,"column":43}},"type":"binary-expr","locations":[{"start":{"line":29,"column":24},"end":{"line":29,"column":25}},{"start":{"line":29,"column":29},"end":{"line":29,"column":43}}],"line":29},"26":{"loc":{"start":{"line":30,"column":20},"end":{"line":30,"column":42}},"type":"if","locations":[{"start":{"line":30,"column":20},"end":{"line":30,"column":42}},{"start":{},"end":{}}],"line":30},"27":{"loc":{"start":{"line":35,"column":8},"end":{"line":35,"column":35}},"type":"if","locations":[{"start":{"line":35,"column":8},"end":{"line":35,"column":35}},{"start":{},"end":{}}],"line":35},"28":{"loc":{"start":{"line":35,"column":52},"end":{"line":35,"column":74}},"type":"cond-expr","locations":[{"start":{"line":35,"column":60},"end":{"line":35,"column":65}},{"start":{"line":35,"column":68},"end":{"line":35,"column":74}}],"line":35},"29":{"loc":{"start":{"line":59,"column":12},"end":{"line":109,"column":13}},"type":"switch","locations":[{"start":{"line":60,"column":16},"end":{"line":62,"column":68}},{"start":{"line":63,"column":16},"end":{"line":95,"column":28}},{"start":{"line":96,"column":16},"end":{"line":108,"column":46}}],"line":59},"30":{"loc":{"start":{"line":61,"column":30},"end":{"line":61,"column":43}},"type":"binary-expr","locations":[{"start":{"line":61,"column":30},"end":{"line":61,"column":37}},{"start":{"line":61,"column":41},"end":{"line":61,"column":43}}],"line":61},"31":{"loc":{"start":{"line":69,"column":36},"end":{"line":86,"column":37}},"type":"if","locations":[{"start":{"line":69,"column":36},"end":{"line":86,"column":37}},{"start":{"line":72,"column":41},"end":{"line":86,"column":37}}],"line":69},"32":{"loc":{"start":{"line":72,"column":41},"end":{"line":86,"column":37}},"type":"if","locations":[{"start":{"line":72,"column":41},"end":{"line":86,"column":37}},{"start":{"line":75,"column":41},"end":{"line":86,"column":37}}],"line":72},"33":{"loc":{"start":{"line":75,"column":41},"end":{"line":86,"column":37}},"type":"if","locations":[{"start":{"line":75,"column":41},"end":{"line":86,"column":37}},{"start":{"line":78,"column":41},"end":{"line":86,"column":37}}],"line":75},"34":{"loc":{"start":{"line":78,"column":41},"end":{"line":86,"column":37}},"type":"if","locations":[{"start":{"line":78,"column":41},"end":{"line":86,"column":37}},{"start":{"line":81,"column":41},"end":{"line":86,"column":37}}],"line":78},"35":{"loc":{"start":{"line":81,"column":41},"end":{"line":86,"column":37}},"type":"if","locations":[{"start":{"line":81,"column":41},"end":{"line":86,"column":37}},{"start":{"line":84,"column":41},"end":{"line":86,"column":37}}],"line":81},"36":{"loc":{"start":{"line":136,"column":43},"end":{"line":136,"column":84}},"type":"cond-expr","locations":[{"start":{"line":136,"column":79},"end":{"line":136,"column":80}},{"start":{"line":136,"column":83},"end":{"line":136,"column":84}}],"line":136},"37":{"loc":{"start":{"line":136,"column":44},"end":{"line":136,"column":75}},"type":"binary-expr","locations":[{"start":{"line":136,"column":44},"end":{"line":136,"column":60}},{"start":{"line":136,"column":64},"end":{"line":136,"column":75}}],"line":136},"38":{"loc":{"start":{"line":159,"column":16},"end":{"line":161,"column":17}},"type":"if","locations":[{"start":{"line":159,"column":16},"end":{"line":161,"column":17}},{"start":{},"end":{}}],"line":159},"39":{"loc":{"start":{"line":170,"column":16},"end":{"line":185,"column":17}},"type":"switch","locations":[{"start":{"line":171,"column":20},"end":{"line":173,"column":91}},{"start":{"line":174,"column":20},"end":{"line":184,"column":49}}],"line":170},"40":{"loc":{"start":{"line":193,"column":16},"end":{"line":208,"column":17}},"type":"switch","locations":[{"start":{"line":194,"column":20},"end":{"line":197,"column":91}},{"start":{"line":198,"column":20},"end":{"line":207,"column":52}}],"line":193},"41":{"loc":{"start":{"line":216,"column":16},"end":{"line":267,"column":17}},"type":"switch","locations":[{"start":{"line":217,"column":20},"end":{"line":220,"column":91}},{"start":{"line":221,"column":20},"end":{"line":266,"column":52}}],"line":216},"42":{"loc":{"start":{"line":281,"column":4},"end":{"line":287,"column":5}},"type":"if","locations":[{"start":{"line":281,"column":4},"end":{"line":287,"column":5}},{"start":{},"end":{}}],"line":281},"43":{"loc":{"start":{"line":303,"column":8},"end":{"line":310,"column":9}},"type":"if","locations":[{"start":{"line":303,"column":8},"end":{"line":310,"column":9}},{"start":{"line":308,"column":13},"end":{"line":310,"column":9}}],"line":303}},"s":{"0":2,"1":3,"2":0,"3":3,"4":3,"5":3,"6":0,"7":0,"8":0,"9":0,"10":6,"11":3,"12":2,"13":3,"14":3,"15":0,"16":3,"17":3,"18":0,"19":9,"20":6,"21":6,"22":0,"23":6,"24":12,"25":12,"26":0,"27":12,"28":0,"29":12,"30":6,"31":6,"32":3,"33":3,"34":0,"35":0,"36":0,"37":0,"38":0,"39":0,"40":0,"41":3,"42":3,"43":3,"44":0,"45":0,"46":0,"47":0,"48":0,"49":0,"50":0,"51":0,"52":0,"53":0,"54":0,"55":0,"56":0,"57":0,"58":0,"59":6,"60":0,"61":0,"62":12,"63":3,"64":0,"65":3,"66":2,"67":1,"68":0,"69":0,"70":0,"71":0,"72":0,"73":0,"74":0,"75":0,"76":0,"77":0,"78":0,"79":0,"80":1,"81":3,"82":1,"83":1,"84":1,"85":1,"86":0,"87":0,"88":0,"89":0,"90":0,"91":0,"92":0,"93":0,"94":0,"95":0,"96":0,"97":0,"98":0,"99":0,"100":1,"101":1,"102":1,"103":1,"104":2,"105":1,"106":1,"107":1,"108":1,"109":1,"110":1,"111":1,"112":8,"113":1,"114":1,"115":1,"116":2,"117":0,"118":2,"119":1,"120":1,"121":1,"122":1,"123":1,"124":1,"125":1,"126":7,"127":7,"128":7,"129":7,"130":7,"131":7,"132":15,"133":15,"134":15,"135":120,"136":15,"137":15,"138":15,"139":0,"140":1,"141":0,"142":1,"143":2,"144":0,"145":0,"146":0,"147":0,"148":0,"149":0,"150":0,"151":0,"152":0,"153":0,"154":0,"155":0,"156":0,"157":2,"158":0,"159":0,"160":0,"161":0,"162":0,"163":0,"164":0,"165":0,"166":0,"167":0,"168":0,"169":0,"170":0,"171":2,"172":1,"173":1,"174":2,"175":1,"176":1,"177":1,"178":1,"179":1,"180":1,"181":1,"182":1,"183":1,"184":1,"185":1,"186":1,"187":1,"188":1,"189":1,"190":1,"191":1,"192":1,"193":1,"194":1,"195":8,"196":1,"197":1,"198":1,"199":1,"200":1,"201":1,"202":1,"203":1,"204":1,"205":1,"206":1,"207":8434,"208":8434,"209":67472,"210":8434,"211":1,"212":2,"213":15,"214":15,"215":15,"216":15,"217":72,"218":72,"219":15,"220":15,"221":15,"222":48,"223":48,"224":15,"225":1,"226":1,"227":1,"228":1,"229":8,"230":1,"231":7,"232":7,"233":7,"234":17,"235":2,"236":2,"237":10,"238":15,"239":7,"240":7,"241":7,"242":7,"243":64,"244":64,"245":64,"246":7,"247":7,"248":7,"249":7},"f":{"0":3,"1":3,"2":0,"3":3,"4":3,"5":0,"6":6,"7":3,"8":3,"9":0,"10":9,"11":6,"12":6,"13":1,"14":1,"15":0,"16":0,"17":3,"18":0,"19":0,"20":2,"21":1,"22":0,"23":1,"24":1,"25":1,"26":7,"27":0,"28":0,"29":0,"30":0,"31":0,"32":0,"33":1,"34":1,"35":2,"36":15,"37":1,"38":7,"39":17,"40":7},"b":{"0":[2,2,2],"1":[3,0],"2":[3,3],"3":[3,3],"4":[3,3],"5":[2,2,2],"6":[0,3],"7":[3,3],"8":[0,6],"9":[0,12],"10":[12,0,0],"11":[0,0],"12":[0,0],"13":[0,0],"14":[0,0],"15":[0,12],"16":[6,6,3,0,0,3],"17":[3,0],"18":[3,3,3],"19":[3,0],"20":[0,0],"21":[0,0,0,0],"22":[0,0],"23":[0,0],"24":[0,0],"25":[0,0],"26":[0,0],"27":[0,3],"28":[3,0],"29":[1,1,1],"30":[1,1],"31":[0,0],"32":[0,0],"33":[0,0],"34":[0,0],"35":[0,0],"36":[1,0],"37":[1,0],"38":[0,1],"39":[0,0],"40":[0,0],"41":[1,1],"42":[15,0],"43":[2,15]},"inputSourceMap":null,"_coverageSchema":"1a1c01bbd47fc00a2c39e90264f33305004495a9","hash":"f96d7f61f584271d07c0a37079113b1194bfa9ab"}
}
