TN:
SF:hardhat.config.ts
FNF:0
FNH:0
DA:1,1
DA:2,1
DA:3,1
DA:4,1
DA:5,1
DA:6,1
DA:8,1
LF:7
LH:7
BRF:0
BRH:0
end_of_record
TN:
SF:utils/TestUtils.ts
FN:16,generateMerkleTreeAndKeys
FN:31,saveMerkleTreeAndSource
FN:58,saveMerkleTree
FN:63,readMerkleTreeAndSourceFromFile
FN:88,randomBigInt
FN:92,toBigIntLE
FN:102,getMerkleRoot
FN:108,addNewCommitment
FN:137,(anonymous_14)
FN:155,getMerkleTreeFromPublicListOfCommitments
FN:178,(anonymous_16)
FNF:11
FNH:8
FNDA:1,generateMerkleTreeAndKeys
FNDA:0,saveMerkleTreeAndSource
FNDA:0,saveMerkleTree
FNDA:0,readMerkleTreeAndSourceFromFile
FNDA:130,randomBigInt
FNDA:130,toBigIntLE
FNDA:4,getMerkleRoot
FNDA:1,addNewCommitment
FNDA:32,(anonymous_14)
FNDA:4,getMerkleTreeFromPublicListOfCommitments
FNDA:128,(anonymous_16)
DA:1,2
DA:2,2
DA:3,2
DA:4,2
DA:16,2
DA:19,1
DA:20,1
DA:21,1
DA:22,1
DA:23,64
DA:24,64
DA:25,64
DA:27,1
DA:28,1
DA:31,2
DA:35,0
DA:36,0
DA:38,0
DA:39,0
DA:40,0
DA:49,0
DA:53,0
DA:58,2
DA:59,0
DA:60,0
DA:63,2
DA:66,0
DA:67,0
DA:68,0
DA:69,0
DA:70,0
DA:71,0
DA:72,0
DA:73,0
DA:74,0
DA:75,0
DA:77,0
DA:78,0
DA:79,0
DA:80,0
DA:81,0
DA:82,0
DA:84,0
DA:85,0
DA:88,2
DA:89,130
DA:92,2
DA:93,130
DA:94,130
DA:95,130
DA:96,130
DA:97,0
DA:99,130
DA:102,2
DA:103,4
DA:105,4
DA:108,2
DA:113,1
DA:115,1
DA:117,1
DA:120,1
DA:122,1
DA:123,0
DA:126,0
DA:127,1
DA:128,0
DA:137,1
DA:138,32
DA:140,1
DA:141,0
DA:146,1
DA:148,1
DA:149,1
DA:152,1
DA:155,2
DA:159,4
DA:161,4
DA:163,4
DA:164,0
DA:167,0
DA:168,4
DA:169,0
DA:178,4
DA:179,128
DA:181,4
DA:182,0
DA:187,4
LF:87
LH:51
BRDA:33,0,0,0
BRDA:35,1,0,0
BRDA:58,2,0,0
BRDA:75,3,0,0
BRDA:96,4,0,0
BRDA:122,5,0,0
BRDA:122,5,1,1
BRDA:127,6,0,0
BRDA:163,7,0,0
BRDA:163,7,1,4
BRDA:168,8,0,0
BRF:11
BRH:2
end_of_record
TN:
SF:zkp-merkle-airdrop-lib/lib/Library.js
FN:2,(anonymous_0)
FN:3,adopt
FN:3,(anonymous_2)
FN:4,(anonymous_3)
FN:5,fulfilled
FN:6,rejected
FN:7,step
FN:11,(anonymous_7)
FN:12,(anonymous_8)
FN:13,(anonymous_9)
FN:14,verb
FN:14,(anonymous_11)
FN:15,step
FN:46,generateProofCallData
FN:47,(anonymous_14)
FN:49,(anonymous_15)
FN:74,mimcSponge
FN:78,pedersenHash
FN:82,pedersenHashConcat
FN:89,toHex
FN:95,generateCircuitInputJson
FN:110,pedersenHashBuff
FN:115,unstringifyBigInts
FN:128,(anonymous_23)
FN:137,toBufferLE
FNF:25
FNH:22
FNDA:1,(anonymous_0)
FNDA:4,adopt
FNDA:0,(anonymous_2)
FNDA:1,(anonymous_3)
FNDA:4,fulfilled
FNDA:0,rejected
FNDA:5,step
FNDA:1,(anonymous_7)
FNDA:4,(anonymous_8)
FNDA:0,(anonymous_9)
FNDA:3,verb
FNDA:5,(anonymous_11)
FNDA:5,step
FNDA:1,generateProofCallData
FNDA:1,(anonymous_14)
FNDA:5,(anonymous_15)
FNDA:218,mimcSponge
FNDA:2,pedersenHash
FNDA:66,pedersenHashConcat
FNDA:262,toHex
FNDA:1,generateCircuitInputJson
FNDA:68,pedersenHashBuff
FNDA:50,unstringifyBigInts
FNDA:18,(anonymous_23)
FNDA:134,toBufferLE
DA:2,2
DA:3,4
DA:4,1
DA:5,4
DA:6,0
DA:7,5
DA:8,1
DA:11,2
DA:12,4
DA:13,1
DA:14,5
DA:16,5
DA:17,10
DA:18,10
DA:19,10
DA:20,10
DA:21,5
DA:22,4
DA:23,0
DA:24,0
DA:26,1
DA:27,0
DA:28,0
DA:29,0
DA:30,0
DA:31,0
DA:33,5
DA:34,10
DA:35,1
DA:38,2
DA:39,2
DA:43,2
DA:44,2
DA:45,2
DA:47,1
DA:49,1
DA:50,5
DA:52,1
DA:53,1
DA:55,1
DA:56,1
DA:58,1
DA:59,1
DA:61,1
DA:62,1
DA:63,1
DA:64,1
DA:66,1
DA:67,1
DA:68,1
DA:73,2
DA:75,218
DA:77,2
DA:79,2
DA:81,2
DA:83,66
DA:84,66
DA:85,66
DA:86,66
DA:88,2
DA:90,262
DA:91,262
DA:92,262
DA:94,2
DA:96,1
DA:97,1
DA:98,1
DA:99,1
DA:108,1
DA:111,68
DA:112,68
DA:116,50
DA:117,37
DA:119,13
DA:120,0
DA:122,13
DA:123,10
DA:125,3
DA:126,1
DA:127,1
DA:128,1
DA:129,18
DA:131,1
DA:134,2
DA:138,134
DA:139,134
DA:140,134
DA:141,134
LF:88
LH:79
BRDA:2,0,0,2
BRDA:2,0,1,2
BRDA:2,0,2,2
BRDA:3,1,0,4
BRDA:3,1,1,0
BRDA:4,2,0,1
BRDA:4,2,1,1
BRDA:7,3,0,1
BRDA:7,3,1,4
BRDA:8,4,0,1
BRDA:8,4,1,1
BRDA:11,5,0,2
BRDA:11,5,1,2
BRDA:11,5,2,2
BRDA:12,6,0,0
BRDA:12,6,1,4
BRDA:13,7,0,1
BRDA:13,7,1,1
BRDA:16,8,0,0
BRDA:16,8,1,5
BRDA:18,9,0,0
BRDA:18,9,1,10
BRDA:18,10,0,10
BRDA:18,10,1,0
BRDA:18,10,2,0
BRDA:18,11,0,0
BRDA:18,11,1,0
BRDA:18,12,0,0
BRDA:18,12,1,0
BRDA:18,13,0,0
BRDA:18,13,1,0
BRDA:18,14,0,0
BRDA:18,14,1,0
BRDA:19,15,0,0
BRDA:19,15,1,10
BRDA:20,16,0,5
BRDA:20,16,1,5
BRDA:20,16,2,4
BRDA:20,16,3,0
BRDA:20,16,4,0
BRDA:20,16,5,1
BRDA:26,17,0,1
BRDA:26,17,1,0
BRDA:26,18,0,1
BRDA:26,18,1,1
BRDA:26,18,2,1
BRDA:26,19,0,1
BRDA:26,19,1,0
BRDA:27,20,0,0
BRDA:27,20,1,0
BRDA:27,21,0,0
BRDA:27,21,1,0
BRDA:27,21,2,0
BRDA:27,21,3,0
BRDA:28,22,0,0
BRDA:28,22,1,0
BRDA:28,23,0,0
BRDA:28,23,1,0
BRDA:29,24,0,0
BRDA:29,24,1,0
BRDA:29,25,0,0
BRDA:29,25,1,0
BRDA:30,26,0,0
BRDA:30,26,1,0
BRDA:35,27,0,0
BRDA:35,27,1,1
BRDA:35,28,0,1
BRDA:35,28,1,0
BRDA:50,29,0,1
BRDA:50,29,1,1
BRDA:50,29,2,1
BRDA:50,29,3,1
BRDA:50,29,4,1
BRDA:90,30,0,262
BRDA:90,30,1,0
BRDA:116,31,0,37
BRDA:116,31,1,13
BRDA:116,32,0,50
BRDA:116,32,1,39
BRDA:119,33,0,0
BRDA:119,33,1,13
BRDA:119,34,0,13
BRDA:119,34,1,2
BRDA:122,35,0,10
BRDA:122,35,1,3
BRDA:125,36,0,1
BRDA:125,36,1,2
BRF:87
BRH:48
end_of_record
TN:
SF:zkp-merkle-airdrop-lib/lib/MerkleTree.js
FN:6,(anonymous_0)
FN:7,MerkleTree
FN:15,(anonymous_2)
FN:16,(anonymous_3)
FN:20,(anonymous_4)
FN:46,(anonymous_5)
FN:68,(anonymous_6)
FN:99,(anonymous_7)
FN:114,(anonymous_8)
FN:115,(anonymous_9)
FN:126,(anonymous_10)
FN:137,(anonymous_11)
FN:138,(anonymous_12)
FN:147,(anonymous_13)
FN:148,TreeNode
FNF:15
FNH:13
FNDA:2,(anonymous_0)
FNDA:7,MerkleTree
FNDA:6,(anonymous_2)
FNDA:224,(anonymous_3)
FNDA:37,(anonymous_4)
FNDA:1,(anonymous_5)
FNDA:1,(anonymous_6)
FNDA:2,(anonymous_7)
FNDA:0,(anonymous_8)
FNDA:0,(anonymous_9)
FNDA:20,(anonymous_10)
FNDA:1,(anonymous_11)
FNDA:23,(anonymous_12)
FNDA:2,(anonymous_13)
FNDA:569,TreeNode
DA:2,2
DA:3,2
DA:4,2
DA:6,2
DA:8,7
DA:9,7
DA:15,2
DA:16,224
DA:17,6
DA:18,6
DA:20,2
DA:21,37
DA:22,6
DA:23,31
DA:24,31
DA:25,218
DA:26,218
DA:27,218
DA:28,218
DA:29,218
DA:30,218
DA:31,218
DA:33,31
DA:46,2
DA:47,1
DA:48,1
DA:49,1
DA:50,1
DA:51,6
DA:52,6
DA:53,0
DA:54,6
DA:55,63
DA:56,63
DA:57,63
DA:58,63
DA:59,63
DA:61,6
DA:63,1
DA:68,2
DA:69,1
DA:70,1
DA:74,1
DA:75,5
DA:76,2
DA:77,2
DA:79,3
DA:80,3
DA:81,3
DA:84,0
DA:86,5
DA:88,1
DA:99,2
DA:100,2
DA:101,2
DA:102,2
DA:103,14
DA:104,254
DA:105,254
DA:106,240
DA:108,14
DA:109,14
DA:110,12
DA:112,2
DA:114,2
DA:115,0
DA:126,2
DA:127,20
DA:128,20
DA:129,317
DA:130,317
DA:131,189
DA:132,189
DA:135,20
DA:137,2
DA:138,23
DA:139,1
DA:140,0
DA:142,1
DA:144,2
DA:146,2
DA:147,2
DA:149,569
DA:150,569
DA:151,569
DA:152,569
DA:154,2
DA:156,2
LF:88
LH:84
BRDA:21,0,0,6
BRDA:21,0,1,31
BRDA:52,1,0,0
BRDA:52,1,1,6
BRDA:75,2,0,2
BRDA:75,2,1,3
BRDA:79,3,0,3
BRDA:79,3,1,0
BRDA:105,4,0,240
BRDA:105,4,1,14
BRDA:109,5,0,12
BRDA:109,5,1,2
BRDA:130,6,0,189
BRDA:130,6,1,128
BRDA:130,7,0,317
BRDA:130,7,1,189
BRDA:139,8,0,0
BRDA:139,8,1,1
BRF:18
BRH:15
end_of_record
TN:
SF:zkp-merkle-airdrop-lib/lib/index.js
FN:5,(anonymous_0)
FN:6,(anonymous_1)
FN:8,(anonymous_2)
FN:9,(anonymous_3)
FN:10,(anonymous_4)
FN:11,(anonymous_5)
FN:12,(anonymous_6)
FNF:7
FNH:5
FNDA:7,(anonymous_0)
FNDA:0,(anonymous_1)
FNDA:1,(anonymous_2)
FNDA:8,(anonymous_3)
FNDA:0,(anonymous_4)
FNDA:1,(anonymous_5)
FNDA:65,(anonymous_6)
DA:2,2
DA:3,2
DA:4,2
DA:5,7
DA:6,2
DA:7,2
DA:8,2
DA:9,8
DA:10,2
DA:11,2
DA:12,65
LF:11
LH:11
BRF:0
BRH:0
end_of_record
TN:
SF:zkp-merkle-airdrop-lib/lib/witness_calculator.js
FN:2,(anonymous_0)
FN:3,adopt
FN:3,(anonymous_2)
FN:4,(anonymous_3)
FN:5,fulfilled
FN:6,rejected
FN:7,step
FN:11,(anonymous_7)
FN:12,(anonymous_8)
FN:13,(anonymous_9)
FN:14,verb
FN:14,(anonymous_11)
FN:15,step
FN:38,builder
FN:39,(anonymous_14)
FN:40,getMessage
FN:49,printSharedRWMemory
FN:58,(anonymous_17)
FN:67,(anonymous_18)
FN:91,(anonymous_19)
FN:113,(anonymous_20)
FN:114,WitnessCalculator
FN:127,(anonymous_22)
FN:130,(anonymous_23)
FN:131,(anonymous_24)
FN:134,(anonymous_25)
FN:139,(anonymous_26)
FN:166,(anonymous_27)
FN:167,(anonymous_28)
FN:169,(anonymous_29)
FN:189,(anonymous_30)
FN:190,(anonymous_31)
FN:192,(anonymous_32)
FN:212,(anonymous_33)
FN:213,(anonymous_34)
FN:215,(anonymous_35)
FN:273,toArray32
FN:290,fromArray32
FN:298,flatArray
FN:302,fillArray
FN:313,fnvHash
FNF:41
FNH:27
FNDA:3,(anonymous_0)
FNDA:3,adopt
FNDA:0,(anonymous_2)
FNDA:3,(anonymous_3)
FNDA:3,fulfilled
FNDA:0,rejected
FNDA:6,step
FNDA:3,(anonymous_7)
FNDA:3,(anonymous_8)
FNDA:0,(anonymous_9)
FNDA:9,verb
FNDA:6,(anonymous_11)
FNDA:6,step
FNDA:1,builder
FNDA:1,(anonymous_14)
FNDA:0,getMessage
FNDA:0,printSharedRWMemory
FNDA:3,(anonymous_17)
FNDA:0,(anonymous_18)
FNDA:0,(anonymous_19)
FNDA:2,(anonymous_20)
FNDA:1,WitnessCalculator
FNDA:0,(anonymous_22)
FNDA:1,(anonymous_23)
FNDA:1,(anonymous_24)
FNDA:1,(anonymous_25)
FNDA:7,(anonymous_26)
FNDA:0,(anonymous_27)
FNDA:0,(anonymous_28)
FNDA:0,(anonymous_29)
FNDA:0,(anonymous_30)
FNDA:0,(anonymous_31)
FNDA:0,(anonymous_32)
FNDA:1,(anonymous_33)
FNDA:1,(anonymous_34)
FNDA:2,(anonymous_35)
FNDA:15,toArray32
FNDA:1,fromArray32
FNDA:7,flatArray
FNDA:17,fillArray
FNDA:7,fnvHash
DA:2,2
DA:3,3
DA:4,3
DA:5,3
DA:6,0
DA:7,6
DA:8,3
DA:11,2
DA:12,3
DA:13,3
DA:14,9
DA:16,6
DA:17,12
DA:18,12
DA:19,12
DA:20,12
DA:21,6
DA:22,3
DA:23,0
DA:24,0
DA:26,3
DA:27,0
DA:28,0
DA:29,0
DA:30,0
DA:31,0
DA:33,6
DA:34,12
DA:35,3
DA:38,2
DA:39,1
DA:41,0
DA:42,0
DA:43,0
DA:44,0
DA:45,0
DA:47,0
DA:50,0
DA:51,0
DA:52,0
DA:53,0
DA:55,0
DA:58,1
DA:59,3
DA:61,1
DA:62,1
DA:64,1
DA:65,1
DA:69,0
DA:70,0
DA:72,0
DA:73,0
DA:75,0
DA:76,0
DA:78,0
DA:79,0
DA:81,0
DA:82,0
DA:85,0
DA:88,0
DA:89,0
DA:92,0
DA:97,1
DA:98,1
DA:107,1
DA:108,1
DA:113,2
DA:115,1
DA:116,1
DA:117,1
DA:118,1
DA:119,1
DA:120,1
DA:121,8
DA:123,1
DA:124,1
DA:125,1
DA:127,2
DA:128,0
DA:130,2
DA:131,1
DA:133,1
DA:134,1
DA:136,1
DA:137,1
DA:138,1
DA:139,1
DA:140,7
DA:141,7
DA:142,7
DA:143,7
DA:144,7
DA:145,15
DA:146,15
DA:147,120
DA:149,15
DA:150,15
DA:151,15
DA:155,0
DA:159,1
DA:160,0
DA:162,1
DA:166,2
DA:167,0
DA:169,0
DA:170,0
DA:172,0
DA:173,0
DA:175,0
DA:176,0
DA:177,0
DA:178,0
DA:179,0
DA:180,0
DA:182,0
DA:184,0
DA:189,2
DA:190,0
DA:192,0
DA:193,0
DA:195,0
DA:196,0
DA:197,0
DA:199,0
DA:200,0
DA:201,0
DA:202,0
DA:203,0
DA:204,0
DA:207,0
DA:212,2
DA:213,1
DA:215,1
DA:216,2
DA:218,1
DA:219,1
DA:220,1
DA:222,1
DA:224,1
DA:225,1
DA:226,1
DA:227,1
DA:229,1
DA:231,1
DA:233,1
DA:234,1
DA:235,1
DA:236,1
DA:237,1
DA:238,1
DA:240,1
DA:242,1
DA:243,1
DA:244,1
DA:245,8
DA:247,1
DA:249,1
DA:250,1
DA:252,1
DA:253,1
DA:254,1
DA:255,1
DA:256,1
DA:257,1
DA:258,1
DA:259,1
DA:260,8434
DA:261,8434
DA:262,67472
DA:264,8434
DA:266,1
DA:271,2
DA:274,15
DA:275,15
DA:276,15
DA:277,15
DA:278,72
DA:279,72
DA:281,15
DA:282,15
DA:283,15
DA:284,48
DA:285,48
DA:288,15
DA:291,1
DA:292,1
DA:293,1
DA:294,8
DA:296,1
DA:299,7
DA:300,7
DA:301,7
DA:303,17
DA:304,2
DA:305,10
DA:309,15
DA:314,7
DA:315,7
DA:316,7
DA:317,64
DA:318,64
DA:319,64
DA:321,7
DA:322,7
DA:323,7
DA:324,7
LF:206
LH:144
BRDA:2,0,0,2
BRDA:2,0,1,2
BRDA:2,0,2,2
BRDA:3,1,0,3
BRDA:3,1,1,0
BRDA:4,2,0,3
BRDA:4,2,1,3
BRDA:7,3,0,3
BRDA:7,3,1,3
BRDA:8,4,0,3
BRDA:8,4,1,3
BRDA:11,5,0,2
BRDA:11,5,1,2
BRDA:11,5,2,2
BRDA:12,6,0,0
BRDA:12,6,1,3
BRDA:13,7,0,3
BRDA:13,7,1,3
BRDA:16,8,0,0
BRDA:16,8,1,6
BRDA:18,9,0,0
BRDA:18,9,1,12
BRDA:18,10,0,12
BRDA:18,10,1,0
BRDA:18,10,2,0
BRDA:18,11,0,0
BRDA:18,11,1,0
BRDA:18,12,0,0
BRDA:18,12,1,0
BRDA:18,13,0,0
BRDA:18,13,1,0
BRDA:18,14,0,0
BRDA:18,14,1,0
BRDA:19,15,0,0
BRDA:19,15,1,12
BRDA:20,16,0,6
BRDA:20,16,1,6
BRDA:20,16,2,3
BRDA:20,16,3,0
BRDA:20,16,4,0
BRDA:20,16,5,3
BRDA:26,17,0,3
BRDA:26,17,1,0
BRDA:26,18,0,3
BRDA:26,18,1,3
BRDA:26,18,2,3
BRDA:26,19,0,3
BRDA:26,19,1,0
BRDA:27,20,0,0
BRDA:27,20,1,0
BRDA:27,21,0,0
BRDA:27,21,1,0
BRDA:27,21,2,0
BRDA:27,21,3,0
BRDA:28,22,0,0
BRDA:28,22,1,0
BRDA:28,23,0,0
BRDA:28,23,1,0
BRDA:29,24,0,0
BRDA:29,24,1,0
BRDA:29,25,0,0
BRDA:29,25,1,0
BRDA:30,26,0,0
BRDA:30,26,1,0
BRDA:35,27,0,0
BRDA:35,27,1,3
BRDA:35,28,0,3
BRDA:35,28,1,0
BRDA:59,29,0,1
BRDA:59,29,1,1
BRDA:59,29,2,1
BRDA:61,30,0,1
BRDA:61,30,1,1
BRDA:69,31,0,0
BRDA:69,31,1,0
BRDA:72,32,0,0
BRDA:72,32,1,0
BRDA:75,33,0,0
BRDA:75,33,1,0
BRDA:78,34,0,0
BRDA:78,34,1,0
BRDA:81,35,0,0
BRDA:81,35,1,0
BRDA:136,36,0,1
BRDA:136,36,1,0
BRDA:136,37,0,1
BRDA:136,37,1,0
BRDA:159,38,0,0
BRDA:159,38,1,1
BRDA:170,39,0,0
BRDA:170,39,1,0
BRDA:193,40,0,0
BRDA:193,40,1,0
BRDA:216,41,0,1
BRDA:216,41,1,1
BRDA:281,42,0,15
BRDA:281,42,1,0
BRDA:303,43,0,2
BRDA:303,43,1,15
BRF:99
BRH:44
end_of_record
